#
# A fatal error has been detected by the Java Runtime Environment:
#
#  EXCEPTION_ACCESS_VIOLATION (0xc0000005) at pc=0x0000021503a71066, pid=1892, tid=10564
#
# JRE version: OpenJDK Runtime Environment Temurin-11.0.16.1+1 (11.0.16.1+1) (build 11.0.16.1+1)
# Java VM: OpenJDK 64-Bit Server VM Temurin-11.0.16.1+1 (11.0.16.1+1, mixed mode, tiered, compressed oops, g1 gc, windows-amd64)
# Problematic frame:
# C  [OpenAL64.dll+0x11066]
#
# No core dump will be written. Minidumps are not enabled by default on client versions of Windows
#
# If you would like to submit a bug report, please visit:
#   https://github.com/adoptium/adoptium-support/issues
# The crash happened outside the Java Virtual Machine in native code.
# See problematic frame for where to report the bug.
#

---------------  S U M M A R Y ------------

Command Line: -Duser.language=en_US -Dfile.encoding=UTF-8 org.uqbar.project.wollok.launch.WollokLauncher -requestsPort 0 -eventsPort 0 -folder -dontValidate -wf src/juego.wpgm

Host: AMD Ryzen 5 1600 Six-Core Processor            , 12 cores, 15G,  Windows 10 , 64 bit Build 19041 (10.0.19041.2251)
Time: Fri Dec  2 19:19:17 2022 Argentina Standard Time elapsed time: 3.670972 seconds (0d 0h 0m 3s)

---------------  T H R E A D  ---------------

Current thread (0x0000021558548000):  JavaThread "main" [_thread_in_native, id=10564, stack(0x0000006fcbf00000,0x0000006fcc000000)]

Stack: [0x0000006fcbf00000,0x0000006fcc000000],  sp=0x0000006fcbffc200,  free space=1008k
Native frames: (J=compiled Java code, j=interpreted, Vv=VM code, C=native code)
C  [OpenAL64.dll+0x11066]

Java frames: (J=compiled Java code, j=interpreted, Vv=VM code)
j  org.lwjgl.openal.ALC10.nalcCreateContext(JJ)J+0
j  org.lwjgl.openal.ALC10.alcCreateContext(Lorg/lwjgl/openal/ALCdevice;Ljava/nio/IntBuffer;)Lorg/lwjgl/openal/ALCcontext;+8
j  org.lwjgl.openal.AL.init(Ljava/lang/String;IIZZ)V+69
j  org.lwjgl.openal.AL.create(Ljava/lang/String;IIZZ)V+246
j  org.lwjgl.openal.AL.create(Ljava/lang/String;IIZ)V+5
j  org.lwjgl.openal.AL.create()V+6
j  com.badlogic.gdx.backends.lwjgl.audio.OpenALAudio.<init>(III)V+114
j  com.badlogic.gdx.backends.lwjgl.LwjglApplication.<init>(Lcom/badlogic/gdx/ApplicationListener;Lcom/badlogic/gdx/backends/lwjgl/LwjglApplicationConfiguration;Lcom/badlogic/gdx/backends/lwjgl/LwjglGraphics;)V+120
j  com.badlogic.gdx.backends.lwjgl.LwjglApplication.<init>(Lcom/badlogic/gdx/ApplicationListener;Lcom/badlogic/gdx/backends/lwjgl/LwjglApplicationConfiguration;)V+11
j  org.uqbar.project.wollok.game.gameboard.WollokGDXApplication.<init>(Lorg/uqbar/project/wollok/game/gameboard/Gameboard;Ljava/lang/Boolean;)V+17
j  org.uqbar.project.wollok.game.helpers.Application.start(Lorg/uqbar/project/wollok/game/gameboard/Gameboard;Ljava/lang/Boolean;)V+5
j  org.uqbar.project.wollok.game.gameboard.Gameboard.start(Ljava/lang/Boolean;)V+13
j  wollok.game.GameObject.doStart(Ljava/lang/Boolean;)V+12
v  ~StubRoutines::call_stub
J 3557  jdk.internal.reflect.NativeMethodAccessorImpl.invoke0(Ljava/lang/reflect/Method;Ljava/lang/Object;[Ljava/lang/Object;)Ljava/lang/Object; java.base@11.0.16.1 (0 bytes) @ 0x00000215688fea4f [0x00000215688fe9c0+0x000000000000008f]
J 3556 c1 jdk.internal.reflect.NativeMethodAccessorImpl.invoke(Ljava/lang/Object;[Ljava/lang/Object;)Ljava/lang/Object; java.base@11.0.16.1 (104 bytes) @ 0x0000021561978e24 [0x0000021561978a40+0x00000000000003e4]
J 3069 c1 jdk.internal.reflect.DelegatingMethodAccessorImpl.invoke(Ljava/lang/Object;[Ljava/lang/Object;)Ljava/lang/Object; java.base@11.0.16.1 (10 bytes) @ 0x00000215618b2ecc [0x00000215618b2dc0+0x000000000000010c]
J 4265 c1 org.uqbar.project.wollok.ui.utils.XTendUtilExtensions.invokeConvertingArgs(Ljava/lang/reflect/Method;Ljava/lang/Object;[Ljava/lang/Object;)Lorg/uqbar/project/wollok/interpreter/core/WollokObject; (368 bytes) @ 0x0000021561b3f784 [0x0000021561b3db00+0x0000000000001c84]
J 4078 c1 org.uqbar.project.wollok.interpreter.AbstractWollokCallable._invokeNative(Ljava/lang/Object;Ljava/lang/String;[Lorg/uqbar/project/wollok/interpreter/core/WollokObject;)Lorg/uqbar/project/wollok/interpreter/core/WollokObject; (49 bytes) @ 0x0000021561a761b4 [0x0000021561a75f80+0x0000000000000234]
J 4138 c1 org.uqbar.project.wollok.interpreter.AbstractWollokCallable.invokeNative(Ljava/lang/Object;Ljava/lang/String;[Lorg/uqbar/project/wollok/interpreter/core/WollokObject;)Lorg/uqbar/project/wollok/interpreter/core/WollokObject; (76 bytes) @ 0x0000021561ac50e4 [0x0000021561ac4140+0x0000000000000fa4]
J 3949 c1 org.uqbar.project.wollok.interpreter.AbstractWollokCallable$1.apply()Lorg/uqbar/project/wollok/interpreter/core/WollokObject; (145 bytes) @ 0x0000021561a28824 [0x0000021561a28620+0x0000000000000204]
J 3948 c1 org.uqbar.project.wollok.interpreter.AbstractWollokCallable$1.apply()Ljava/lang/Object; (5 bytes) @ 0x0000021561a28214 [0x0000021561a281c0+0x0000000000000054]
J 3895 c1 org.uqbar.project.wollok.interpreter.threads.WThread.performOnStack(Lorg/eclipse/emf/ecore/EObject;Lorg/uqbar/project/wollok/interpreter/context/EvaluationContext;Lorg/eclipse/xtext/xbase/lib/Functions$Function0;)Lorg/uqbar/project/wollok/interpreter/core/WollokObject; (157 bytes) @ 0x0000021561a09f7c [0x0000021561a09dc0+0x00000000000001bc]
J 3934 c1 org.uqbar.project.wollok.interpreter.AbstractWollokCallable.call(Lorg/uqbar/project/wollok/wollokDsl/WMethodDeclaration;[Lorg/uqbar/project/wollok/interpreter/core/WollokObject;)Lorg/uqbar/project/wollok/interpreter/core/WollokObject; (46 bytes) @ 0x0000021561a21334 [0x0000021561a20dc0+0x0000000000000574]
J 3849 c1 org.uqbar.project.wollok.interpreter.core.WollokObject.call(Ljava/lang/String;[Lorg/uqbar/project/wollok/interpreter/core/WollokObject;)Lorg/uqbar/project/wollok/interpreter/core/WollokObject; (61 bytes) @ 0x00000215619fa01c [0x00000215619f9ea0+0x000000000000017c]
J 3937 c1 org.uqbar.project.wollok.interpreter.WollokInterpreterEvaluator._evaluate(Lorg/uqbar/project/wollok/wollokDsl/WFeatureCall;)Lorg/uqbar/project/wollok/interpreter/core/WollokObject; (125 bytes) @ 0x0000021561a2369c [0x0000021561a23140+0x000000000000055c]
J 4129 c1 org.uqbar.project.wollok.launch.WollokLauncherInterpreterEvaluator.evaluate(Lorg/eclipse/emf/ecore/EObject;)Lorg/uqbar/project/wollok/interpreter/core/WollokObject; (502 bytes) @ 0x0000021561ab3e64 [0x0000021561aaf040+0x0000000000004e24]
J 4128 c1 org.uqbar.project.wollok.interpreter.WollokInterpreter.eval(Lorg/eclipse/emf/ecore/EObject;)Lorg/uqbar/project/wollok/interpreter/core/WollokObject; (190 bytes) @ 0x0000021561aac394 [0x0000021561aab8a0+0x0000000000000af4]
J 3907 c1 org.uqbar.project.wollok.interpreter.WollokInterpreterEvaluator$1.apply(Ljava/lang/Object;Ljava/lang/Object;)Ljava/lang/Object; (13 bytes) @ 0x0000021561a13054 [0x0000021561a12f60+0x00000000000000f4]
J 3765 c1 org.eclipse.xtext.xbase.lib.IteratorExtensions.fold(Ljava/util/Iterator;Ljava/lang/Object;Lorg/eclipse/xtext/xbase/lib/Functions$Function2;)Ljava/lang/Object; (30 bytes) @ 0x00000215619d5ddc [0x00000215619d5d60+0x000000000000007c]
J 3938 c1 org.uqbar.project.wollok.interpreter.WollokInterpreterEvaluator._evaluate(Lorg/uqbar/project/wollok/wollokDsl/WBlockExpression;)Lorg/uqbar/project/wollok/interpreter/core/WollokObject; (40 bytes) @ 0x0000021561a24624 [0x0000021561a24240+0x00000000000003e4]
J 4129 c1 org.uqbar.project.wollok.launch.WollokLauncherInterpreterEvaluator.evaluate(Lorg/eclipse/emf/ecore/EObject;)Lorg/uqbar/project/wollok/interpreter/core/WollokObject; (502 bytes) @ 0x0000021561ab780c [0x0000021561aaf040+0x00000000000087cc]
J 4128 c1 org.uqbar.project.wollok.interpreter.WollokInterpreter.eval(Lorg/eclipse/emf/ecore/EObject;)Lorg/uqbar/project/wollok/interpreter/core/WollokObject; (190 bytes) @ 0x0000021561aac394 [0x0000021561aab8a0+0x0000000000000af4]
J 3949 c1 org.uqbar.project.wollok.interpreter.AbstractWollokCallable$1.apply()Lorg/uqbar/project/wollok/interpreter/core/WollokObject; (145 bytes) @ 0x0000021561a28934 [0x0000021561a28620+0x0000000000000314]
J 3948 c1 org.uqbar.project.wollok.interpreter.AbstractWollokCallable$1.apply()Ljava/lang/Object; (5 bytes) @ 0x0000021561a28214 [0x0000021561a281c0+0x0000000000000054]
J 3895 c1 org.uqbar.project.wollok.interpreter.threads.WThread.performOnStack(Lorg/eclipse/emf/ecore/EObject;Lorg/uqbar/project/wollok/interpreter/context/EvaluationContext;Lorg/eclipse/xtext/xbase/lib/Functions$Function0;)Lorg/uqbar/project/wollok/interpreter/core/WollokObject; (157 bytes) @ 0x0000021561a09f7c [0x0000021561a09dc0+0x00000000000001bc]
J 3934 c1 org.uqbar.project.wollok.interpreter.AbstractWollokCallable.call(Lorg/uqbar/project/wollok/wollokDsl/WMethodDeclaration;[Lorg/uqbar/project/wollok/interpreter/core/WollokObject;)Lorg/uqbar/project/wollok/interpreter/core/WollokObject; (46 bytes) @ 0x0000021561a21334 [0x0000021561a20dc0+0x0000000000000574]
J 3849 c1 org.uqbar.project.wollok.interpreter.core.WollokObject.call(Ljava/lang/String;[Lorg/uqbar/project/wollok/interpreter/core/WollokObject;)Lorg/uqbar/project/wollok/interpreter/core/WollokObject; (61 bytes) @ 0x00000215619fa01c [0x00000215619f9ea0+0x000000000000017c]
J 3937 c1 org.uqbar.project.wollok.interpreter.WollokInterpreterEvaluator._evaluate(Lorg/uqbar/project/wollok/wollokDsl/WFeatureCall;)Lorg/uqbar/project/wollok/interpreter/core/WollokObject; (125 bytes) @ 0x0000021561a2369c [0x0000021561a23140+0x000000000000055c]
J 4129 c1 org.uqbar.project.wollok.launch.WollokLauncherInterpreterEvaluator.evaluate(Lorg/eclipse/emf/ecore/EObject;)Lorg/uqbar/project/wollok/interpreter/core/WollokObject; (502 bytes) @ 0x0000021561ab3e64 [0x0000021561aaf040+0x0000000000004e24]
J 4128 c1 org.uqbar.project.wollok.interpreter.WollokInterpreter.eval(Lorg/eclipse/emf/ecore/EObject;)Lorg/uqbar/project/wollok/interpreter/core/WollokObject; (190 bytes) @ 0x0000021561aac394 [0x0000021561aab8a0+0x0000000000000af4]
J 3907 c1 org.uqbar.project.wollok.interpreter.WollokInterpreterEvaluator$1.apply(Ljava/lang/Object;Ljava/lang/Object;)Ljava/lang/Object; (13 bytes) @ 0x0000021561a13054 [0x0000021561a12f60+0x00000000000000f4]
j  org.eclipse.xtext.xbase.lib.IteratorExtensions.fold(Ljava/util/Iterator;Ljava/lang/Object;Lorg/eclipse/xtext/xbase/lib/Functions$Function2;)Ljava/lang/Object;+19
j  org.eclipse.xtext.xbase.lib.IterableExtensions.fold(Ljava/lang/Iterable;Ljava/lang/Object;Lorg/eclipse/xtext/xbase/lib/Functions$Function2;)Ljava/lang/Object;+8
j  org.uqbar.project.wollok.interpreter.WollokInterpreterEvaluator.evalAll(Ljava/lang/Iterable;)Lorg/uqbar/project/wollok/interpreter/core/WollokObject;+12
j  org.uqbar.project.wollok.interpreter.WollokInterpreterEvaluator._evaluate(Lorg/uqbar/project/wollok/wollokDsl/WProgram;)Lorg/uqbar/project/wollok/interpreter/core/WollokObject;+18
j  org.uqbar.project.wollok.launch.WollokLauncherInterpreterEvaluator.evaluate(Lorg/eclipse/emf/ecore/EObject;)Lorg/uqbar/project/wollok/interpreter/core/WollokObject;+444
j  org.uqbar.project.wollok.interpreter.WollokInterpreterEvaluator.evaluate(Lorg/eclipse/emf/ecore/EObject;)Ljava/lang/Object;+2
j  org.uqbar.project.wollok.interpreter.WollokInterpreter.eval(Lorg/eclipse/emf/ecore/EObject;)Lorg/uqbar/project/wollok/interpreter/core/WollokObject;+63
j  org.uqbar.project.wollok.interpreter.WollokInterpreterEvaluator.eval(Lorg/eclipse/emf/ecore/EObject;)Lorg/uqbar/project/wollok/interpreter/core/WollokObject;+5
j  org.uqbar.project.wollok.launch.WollokLauncherInterpreterEvaluator._evaluate(Lorg/uqbar/project/wollok/wollokDsl/WFile;)Lorg/uqbar/project/wollok/interpreter/core/WollokObject;+32
j  org.uqbar.project.wollok.launch.WollokLauncherInterpreterEvaluator.evaluate(Lorg/eclipse/emf/ecore/EObject;)Lorg/uqbar/project/wollok/interpreter/core/WollokObject;+428
j  org.uqbar.project.wollok.interpreter.WollokInterpreterEvaluator.evaluate(Lorg/eclipse/emf/ecore/EObject;)Ljava/lang/Object;+2
j  org.uqbar.project.wollok.interpreter.WollokInterpreter.interpret(Lorg/eclipse/emf/ecore/EObject;Ljava/lang/Boolean;)Lorg/uqbar/project/wollok/interpreter/core/WollokObject;+25
j  org.uqbar.project.wollok.interpreter.WollokInterpreter.interpret(Lorg/eclipse/emf/ecore/EObject;)Lorg/uqbar/project/wollok/interpreter/core/WollokObject;+8
j  org.uqbar.project.wollok.launch.WollokLauncher.doSomething(Lorg/uqbar/project/wollok/wollokDsl/WFile;Lcom/google/inject/Injector;Ljava/io/File;Lorg/uqbar/project/wollok/launch/WollokLauncherParameters;)V+109
j  org.uqbar.project.wollok.launch.WollokChecker.launch(Ljava/lang/String;Lorg/uqbar/project/wollok/launch/WollokLauncherParameters;)V+31
j  org.uqbar.project.wollok.launch.WollokChecker.doMain([Ljava/lang/String;)V+205
j  org.uqbar.project.wollok.launch.WollokLauncher.main([Ljava/lang/String;)V+8
v  ~StubRoutines::call_stub

siginfo: EXCEPTION_ACCESS_VIOLATION (0xc0000005), reading address 0x0000021502ea7004


Register to memory mapping:

RIP=0x0000021503a71066 OpenAL64.dll
RAX=0x0000000000000004 is an unknown value
RBX=0x0000021505c10090 points into unknown readable memory: 0x0000000100000002 | 02 00 00 00 01 00 00 00
RCX=0x0000021502ea7008 is an unknown value
RDX=0x0000021502ea7004 is an unknown value
RSP=0x0000006fcbffc200 is pointing into the stack for thread: 0x0000021558548000
RBP=0x00000000000000ff is an unknown value
RSI=0x0000021502e9c0ec points into unknown readable memory: 45 00 47 00
RDI=0x0 is NULL
R8 =0x0000000000002bc6 is an unknown value
R9 =0x0000021502e9c0ec points into unknown readable memory: 45 00 47 00
R10=0x0000021560caf748 is at code_begin+1000 in an Interpreter codelet
method entry point (kind = native)  [0x0000021560caf360, 0x0000021560cafe00]  2720 bytes
R11=0x0000000710e28100 is an oop: java.lang.Class 
{0x0000000710e28100} - klass: 'java/lang/Class'
R12=0x0000000000000001 is an unknown value
R13={method} {0x000002157fd02c18} 'nalcCreateContext' '(JJ)J' in 'org/lwjgl/openal/ALC10'
R14=0x0000006fcbffc3a0 is pointing into the stack for thread: 0x0000021558548000
R15=0x0000021558548000 is a thread


Registers:
RAX=0x0000000000000004, RBX=0x0000021505c10090, RCX=0x0000021502ea7008, RDX=0x0000021502ea7004
RSP=0x0000006fcbffc200, RBP=0x00000000000000ff, RSI=0x0000021502e9c0ec, RDI=0x0000000000000000
R8 =0x0000000000002bc6, R9 =0x0000021502e9c0ec, R10=0x0000021560caf748, R11=0x0000000710e28100
R12=0x0000000000000001, R13=0x000002157fd02c10, R14=0x0000006fcbffc3a0, R15=0x0000021558548000
RIP=0x0000021503a71066, EFLAGS=0x0000000000010202

Top of Stack: (sp=0x0000006fcbffc200)
0x0000006fcbffc200:   0000000200000004 0000000000000002
0x0000006fcbffc210:   0000021558548b70 0000002800000003
0x0000006fcbffc220:   0000021558548000 0000006fcbffc3a0
0x0000006fcbffc230:   000002157fd02c10 00007ff8848af645
0x0000006fcbffc240:   0000000000000000 00000000000001f0
0x0000006fcbffc250:   0000021558548000 0000021558548000
0x0000006fcbffc260:   0000000000000000 00007ff884636dec
0x0000006fcbffc270:   0000021558548000 0000006fcbffc3a0
0x0000006fcbffc280:   000002157fd02c10 0000000000000000
0x0000006fcbffc290:   0000021502e9c0ec 00000000000001f0
0x0000006fcbffc2a0:   0000006fcbffc368 0000021503a7248f
0x0000006fcbffc2b0:   0000021505c10090 0000021505c10090
0x0000006fcbffc2c0:   000002150000ac44 0000000000000004
0x0000006fcbffc2d0:   0000000000000000 0000021560caf777
0x0000006fcbffc2e0:   000002157fd02c10 0000021560caf45c
0x0000006fcbffc2f0:   000002157fd02c10 0000006fcbffc368 

Instructions: (pc=0x0000021503a71066)
0x0000021503a70f66:   b0 00 00 00 0f ba a3 fc 00 00 00 1f 44 89 9c 24
0x0000021503a70f76:   b0 00 00 00 73 15 48 8b 83 f8 61 01 00 48 8b cb
0x0000021503a70f86:   ff 50 20 44 8b 9c 24 b0 00 00 00 0f ba b3 fc 00
0x0000021503a70f96:   00 00 1f 44 89 7b 38 44 89 6b 44 44 89 73 48 e9
0x0000021503a70fa6:   56 01 00 00 83 3d 4f 94 04 00 02 0f 8c 8e fe ff
0x0000021503a70fb6:   ff 4c 8d 05 a2 2c 03 00 e9 6f fe ff ff 48 3b d7
0x0000021503a70fc6:   0f 84 3f 01 00 00 39 3a 0f 84 37 01 00 00 0f ba
0x0000021503a70fd6:   a1 fc 00 00 00 1f 73 0a 48 8b 81 f8 61 01 00 ff
0x0000021503a70fe6:   50 20 8b 43 38 0f ba b3 fc 00 00 00 1f 8b 6b 64
0x0000021503a70ff6:   44 8b 63 68 89 84 24 c0 00 00 00 8b 43 6c 89 84
0x0000021503a71006:   24 c8 00 00 00 4c 8b c7 39 3e 74 58 48 8b d6 48
0x0000021503a71016:   8d 4e 04 81 3a 07 10 00 00 75 10 8b 01 83 8b fc
0x0000021503a71026:   00 00 00 02 89 84 24 c0 00 00 00 81 3a 11 10 00
0x0000021503a71036:   00 75 10 8b 6b 5c 44 8b 21 44 3b e5 44 0f 47 e5
0x0000021503a71046:   41 2b ec 81 3a 03 00 02 00 75 09 8b 01 89 84 24
0x0000021503a71056:   c8 00 00 00 49 83 c0 02 48 83 c1 08 4a 8d 14 86
0x0000021503a71066:   39 3a 75 af 4c 8d 84 24 c0 00 00 00 48 8d 15 d7
0x0000021503a71076:   2b 03 00 33 c9 e8 58 5f 00 00 b8 40 1f 00 00 4c
0x0000021503a71086:   8d 84 24 c8 00 00 00 39 84 24 c0 00 00 00 48 8d
0x0000021503a71096:   15 e9 2b 03 00 0f 47 84 24 c0 00 00 00 33 c9 89
0x0000021503a710a6:   84 24 c0 00 00 00 e8 27 5f 00 00 8b 43 3c 44 8b
0x0000021503a710b6:   84 24 c0 00 00 00 8b 4b 38 41 bb 04 00 00 00 44
0x0000021503a710c6:   39 9c 24 c8 00 00 00 44 0f 42 9c 24 c8 00 00 00
0x0000021503a710d6:   33 d2 44 89 9c 24 c8 00 00 00 49 0f af c0 48 f7
0x0000021503a710e6:   f1 89 43 3c f6 05 43 b6 04 00 01 74 09 83 c0 03
0x0000021503a710f6:   83 e0 fc 89 43 3c 44 89 43 38 44 89 5b 6c 44 89
0x0000021503a71106:   63 68 89 6b 64 44 8b 9b fc 00 00 00 41 0f ba e3
0x0000021503a71116:   1f 0f 82 6a 05 00 00 44 8b 6b 38 8b 6b 44 44 8b
0x0000021503a71126:   63 48 41 bf 03 00 00 00 48 8d 35 5b 2b 03 00 4c
0x0000021503a71136:   8d 35 80 dc 02 00 44 39 3d bd 92 04 00 0f 8c 81
0x0000021503a71146:   00 00 00 4c 8d 15 88 28 03 00 4c 8d 35 f5 2a 03
0x0000021503a71156:   00 41 f6 c3 02 4d 8b ca 41 8b cc 4d 0f 45 ce e8 


Stack slot to memory mapping:
stack at sp + 0 slots: 0x0000000200000004 is an unknown value
stack at sp + 1 slots: 0x0000000000000002 is an unknown value
stack at sp + 2 slots: 0x0000021558548b70 points into unknown readable memory: 0x6e616c2e6176616a | 6a 61 76 61 2e 6c 61 6e
stack at sp + 3 slots: 0x0000002800000003 is an unknown value
stack at sp + 4 slots: 0x0000021558548000 is a thread
stack at sp + 5 slots: 0x0000006fcbffc3a0 is pointing into the stack for thread: 0x0000021558548000
stack at sp + 6 slots: {method} {0x000002157fd02c18} 'nalcCreateContext' '(JJ)J' in 'org/lwjgl/openal/ALC10'
stack at sp + 7 slots: 0x00007ff8848af645 jvm.dll


---------------  P R O C E S S  ---------------

Threads class SMR info:
_java_thread_list=0x000002157e1dfc40, length=14, elements={
0x0000021558548000, 0x000002157cfe2000, 0x000002157cfeb000, 0x000002157c73b000,
0x000002157c73c800, 0x000002157d033800, 0x000002157d043800, 0x000002157d044800,
0x000002157d050000, 0x000002157d1ba800, 0x000002157d238000, 0x000002157db0c800,
0x000002157d9e7000, 0x000002157dd28800
}

Java Threads: ( => current thread )
=>0x0000021558548000 JavaThread "main" [_thread_in_native, id=10564, stack(0x0000006fcbf00000,0x0000006fcc000000)]
  0x000002157cfe2000 JavaThread "Reference Handler" daemon [_thread_blocked, id=10696, stack(0x0000006fcc600000,0x0000006fcc700000)]
  0x000002157cfeb000 JavaThread "Finalizer" daemon [_thread_blocked, id=2548, stack(0x0000006fcc700000,0x0000006fcc800000)]
  0x000002157c73b000 JavaThread "Signal Dispatcher" daemon [_thread_blocked, id=10032, stack(0x0000006fcc800000,0x0000006fcc900000)]
  0x000002157c73c800 JavaThread "Attach Listener" daemon [_thread_blocked, id=18424, stack(0x0000006fcc900000,0x0000006fcca00000)]
  0x000002157d033800 JavaThread "Service Thread" daemon [_thread_blocked, id=9964, stack(0x0000006fcca00000,0x0000006fccb00000)]
  0x000002157d043800 JavaThread "C2 CompilerThread0" daemon [_thread_in_native, id=916, stack(0x0000006fccb00000,0x0000006fccc00000)]
  0x000002157d044800 JavaThread "C1 CompilerThread0" daemon [_thread_blocked, id=7976, stack(0x0000006fccc00000,0x0000006fccd00000)]
  0x000002157d050000 JavaThread "Sweeper thread" daemon [_thread_blocked, id=6876, stack(0x0000006fccd00000,0x0000006fcce00000)]
  0x000002157d1ba800 JavaThread "Common-Cleaner" daemon [_thread_blocked, id=17724, stack(0x0000006fccf00000,0x0000006fcd000000)]
  0x000002157d238000 JavaThread "C2 CompilerThread1" daemon [_thread_in_native, id=10512, stack(0x0000006fcd000000,0x0000006fcd100000)]
  0x000002157db0c800 JavaThread "C2 CompilerThread2" daemon [_thread_blocked, id=9196, stack(0x0000006fcd100000,0x0000006fcd200000)]
  0x000002157d9e7000 JavaThread "EMF Reference Cleaner" daemon [_thread_blocked, id=6392, stack(0x0000006fcd800000,0x0000006fcd900000)]
  0x000002157dd28800 JavaThread "com.google.inject.internal.util.$Finalizer" daemon [_thread_blocked, id=13384, stack(0x0000006fcd900000,0x0000006fcda00000)]

Other Threads:
  0x000002157c72c800 VMThread "VM Thread" [stack: 0x0000006fcc500000,0x0000006fcc600000] [id=12952]
  0x000002157d1aa000 WatcherThread [stack: 0x0000006fcce00000,0x0000006fccf00000] [id=248]
  0x0000021558562800 GCTaskThread "GC Thread#0" [stack: 0x0000006fcc000000,0x0000006fcc100000] [id=12204]
  0x000002157d5ff000 GCTaskThread "GC Thread#1" [stack: 0x0000006fcd200000,0x0000006fcd300000] [id=16480]
  0x000002157d5ff800 GCTaskThread "GC Thread#2" [stack: 0x0000006fcd300000,0x0000006fcd400000] [id=11360]
  0x000002157de3f000 GCTaskThread "GC Thread#3" [stack: 0x0000006fcd400000,0x0000006fcd500000] [id=2572]
  0x000002157de3f800 GCTaskThread "GC Thread#4" [stack: 0x0000006fcd500000,0x0000006fcd600000] [id=13156]
  0x000002157df10800 GCTaskThread "GC Thread#5" [stack: 0x0000006fcd600000,0x0000006fcd700000] [id=14800]
  0x00000215031d4000 GCTaskThread "GC Thread#6" [stack: 0x0000006fcdc00000,0x0000006fcdd00000] [id=6588]
  0x00000215585bf000 ConcurrentGCThread "G1 Main Marker" [stack: 0x0000006fcc100000,0x0000006fcc200000] [id=2264]
  0x00000215585c0800 ConcurrentGCThread "G1 Conc#0" [stack: 0x0000006fcc200000,0x0000006fcc300000] [id=8548]
  0x000002157e835000 ConcurrentGCThread "G1 Conc#1" [stack: 0x0000006fcda00000,0x0000006fcdb00000] [id=564]
  0x000002157e8da800 ConcurrentGCThread "G1 Conc#2" [stack: 0x0000006fcdb00000,0x0000006fcdc00000] [id=10044]
  0x000002157c612800 ConcurrentGCThread "G1 Refine#0" [stack: 0x0000006fcc300000,0x0000006fcc400000] [id=6080]
  0x000002157df11800 ConcurrentGCThread "G1 Refine#1" [stack: 0x0000006fcd700000,0x0000006fcd800000] [id=19272]
  0x000002157c613000 ConcurrentGCThread "G1 Young RemSet Sampling" [stack: 0x0000006fcc400000,0x0000006fcc500000] [id=10572]

Threads with active compile tasks:
C2 CompilerThread0     3705 4581   !   4       jdk.internal.loader.BuiltinClassLoader::loadClassOrNull (143 bytes)
C2 CompilerThread1     3705 4284       4       org.uqbar.project.wollok.interpreter.WollokSourcecodeLocator::contextDescription (105 bytes)

VM state:not at safepoint (normal execution)

VM Mutex/Monitor currently owned by a thread: None

Heap address: 0x0000000700c00000, size: 4084 MB, Compressed Oops mode: Zero based, Oop shift amount: 3
Narrow klass base: 0x0000000800000000, Narrow klass shift: 0
Compressed class space size: 1073741824 Address: 0x0000000800000000

Heap:
 garbage-first heap   total 315392K, used 73418K [0x0000000700c00000, 0x0000000800000000)
  region size 1024K, 56 young (57344K), 6 survivors (6144K)
 Metaspace       used 27134K, capacity 27477K, committed 27776K, reserved 1073152K
  class space    used 2992K, capacity 3109K, committed 3200K, reserved 1048576K
Heap Regions: E=young(eden), S=young(survivor), O=old, HS=humongous(starts), HC=humongous(continues), CS=collection set, F=free, A=archive, TAMS=top-at-mark-start (previous, next)
|   0|0x0000000700c00000, 0x0000000700d00000, 0x0000000700d00000|100%| O|  |TAMS 0x0000000700d00000, 0x0000000700c00000| Untracked 
|   1|0x0000000700d00000, 0x0000000700e00000, 0x0000000700e00000|100%| O|  |TAMS 0x0000000700e00000, 0x0000000700d00000| Untracked 
|   2|0x0000000700e00000, 0x0000000700f00000, 0x0000000700f00000|100%| O|  |TAMS 0x0000000700f00000, 0x0000000700e00000| Untracked 
|   3|0x0000000700f00000, 0x0000000701000000, 0x0000000701000000|100%| O|  |TAMS 0x0000000701000000, 0x0000000700f00000| Untracked 
|   4|0x0000000701000000, 0x0000000701100000, 0x0000000701100000|100%| O|  |TAMS 0x0000000701100000, 0x0000000701000000| Untracked 
|   5|0x0000000701100000, 0x0000000701200000, 0x0000000701200000|100%| O|  |TAMS 0x0000000701200000, 0x0000000701100000| Untracked 
|   6|0x0000000701200000, 0x0000000701300000, 0x0000000701300000|100%| O|  |TAMS 0x0000000701300000, 0x0000000701200000| Untracked 
|   7|0x0000000701300000, 0x0000000701400000, 0x0000000701400000|100%| O|  |TAMS 0x0000000701400000, 0x0000000701300000| Untracked 
|   8|0x0000000701400000, 0x0000000701500000, 0x0000000701500000|100%| O|  |TAMS 0x0000000701500000, 0x0000000701400000| Untracked 
|   9|0x0000000701500000, 0x0000000701600000, 0x0000000701600000|100%| O|  |TAMS 0x0000000701600000, 0x0000000701500000| Untracked 
|  10|0x0000000701600000, 0x0000000701700000, 0x0000000701700000|100%| O|  |TAMS 0x0000000701668200, 0x0000000701600000| Untracked 
|  11|0x0000000701700000, 0x0000000701800000, 0x0000000701800000|100%| O|  |TAMS 0x0000000701700000, 0x0000000701700000| Untracked 
|  12|0x0000000701800000, 0x0000000701900000, 0x0000000701900000|100%| O|  |TAMS 0x0000000701800000, 0x0000000701800000| Untracked 
|  13|0x0000000701900000, 0x0000000701a00000, 0x0000000701a00000|100%| O|  |TAMS 0x0000000701a00000, 0x0000000701900000| Untracked 
|  14|0x0000000701a00000, 0x0000000701b00000, 0x0000000701b00000|100%| O|  |TAMS 0x0000000701b00000, 0x0000000701a00000| Untracked 
|  15|0x0000000701b00000, 0x0000000701c00000, 0x0000000701c00000|100%| O|  |TAMS 0x0000000701b00000, 0x0000000701b00000| Untracked 
|  16|0x0000000701c00000, 0x0000000701cb2e00, 0x0000000701d00000| 69%| O|  |TAMS 0x0000000701c00000, 0x0000000701c00000| Untracked 
|  17|0x0000000701d00000, 0x0000000701d00000, 0x0000000701e00000|  0%| F|  |TAMS 0x0000000701d00000, 0x0000000701d00000| Untracked 
|  18|0x0000000701e00000, 0x0000000701e00000, 0x0000000701f00000|  0%| F|  |TAMS 0x0000000701e00000, 0x0000000701e00000| Untracked 
|  19|0x0000000701f00000, 0x0000000701f00000, 0x0000000702000000|  0%| F|  |TAMS 0x0000000701f00000, 0x0000000701f00000| Untracked 
|  20|0x0000000702000000, 0x0000000702000000, 0x0000000702100000|  0%| F|  |TAMS 0x0000000702000000, 0x0000000702000000| Untracked 
|  21|0x0000000702100000, 0x0000000702100000, 0x0000000702200000|  0%| F|  |TAMS 0x0000000702100000, 0x0000000702100000| Untracked 
|  22|0x0000000702200000, 0x0000000702200000, 0x0000000702300000|  0%| F|  |TAMS 0x0000000702200000, 0x0000000702200000| Untracked 
|  23|0x0000000702300000, 0x0000000702300000, 0x0000000702400000|  0%| F|  |TAMS 0x0000000702300000, 0x0000000702300000| Untracked 
|  24|0x0000000702400000, 0x0000000702400000, 0x0000000702500000|  0%| F|  |TAMS 0x0000000702400000, 0x0000000702400000| Untracked 
|  25|0x0000000702500000, 0x0000000702500000, 0x0000000702600000|  0%| F|  |TAMS 0x0000000702500000, 0x0000000702500000| Untracked 
|  26|0x0000000702600000, 0x0000000702600000, 0x0000000702700000|  0%| F|  |TAMS 0x0000000702600000, 0x0000000702600000| Untracked 
|  27|0x0000000702700000, 0x0000000702700000, 0x0000000702800000|  0%| F|  |TAMS 0x0000000702700000, 0x0000000702700000| Untracked 
|  28|0x0000000702800000, 0x0000000702800000, 0x0000000702900000|  0%| F|  |TAMS 0x0000000702800000, 0x0000000702800000| Untracked 
|  29|0x0000000702900000, 0x0000000702900000, 0x0000000702a00000|  0%| F|  |TAMS 0x0000000702900000, 0x0000000702900000| Untracked 
|  30|0x0000000702a00000, 0x0000000702a00000, 0x0000000702b00000|  0%| F|  |TAMS 0x0000000702a00000, 0x0000000702a00000| Untracked 
|  31|0x0000000702b00000, 0x0000000702b00000, 0x0000000702c00000|  0%| F|  |TAMS 0x0000000702b00000, 0x0000000702b00000| Untracked 
|  32|0x0000000702c00000, 0x0000000702c00000, 0x0000000702d00000|  0%| F|  |TAMS 0x0000000702c00000, 0x0000000702c00000| Untracked 
|  33|0x0000000702d00000, 0x0000000702d00000, 0x0000000702e00000|  0%| F|  |TAMS 0x0000000702d00000, 0x0000000702d00000| Untracked 
|  34|0x0000000702e00000, 0x0000000702e00000, 0x0000000702f00000|  0%| F|  |TAMS 0x0000000702e00000, 0x0000000702e00000| Untracked 
|  35|0x0000000702f00000, 0x0000000702f00000, 0x0000000703000000|  0%| F|  |TAMS 0x0000000702f00000, 0x0000000702f00000| Untracked 
|  36|0x0000000703000000, 0x0000000703000000, 0x0000000703100000|  0%| F|  |TAMS 0x0000000703000000, 0x0000000703000000| Untracked 
|  37|0x0000000703100000, 0x0000000703100000, 0x0000000703200000|  0%| F|  |TAMS 0x0000000703100000, 0x0000000703100000| Untracked 
|  38|0x0000000703200000, 0x0000000703200000, 0x0000000703300000|  0%| F|  |TAMS 0x0000000703200000, 0x0000000703200000| Untracked 
|  39|0x0000000703300000, 0x0000000703300000, 0x0000000703400000|  0%| F|  |TAMS 0x0000000703300000, 0x0000000703300000| Untracked 
|  40|0x0000000703400000, 0x0000000703400000, 0x0000000703500000|  0%| F|  |TAMS 0x0000000703400000, 0x0000000703400000| Untracked 
|  41|0x0000000703500000, 0x0000000703500000, 0x0000000703600000|  0%| F|  |TAMS 0x0000000703500000, 0x0000000703500000| Untracked 
|  42|0x0000000703600000, 0x0000000703600000, 0x0000000703700000|  0%| F|  |TAMS 0x0000000703600000, 0x0000000703600000| Untracked 
|  43|0x0000000703700000, 0x0000000703700000, 0x0000000703800000|  0%| F|  |TAMS 0x0000000703700000, 0x0000000703700000| Untracked 
|  44|0x0000000703800000, 0x0000000703800000, 0x0000000703900000|  0%| F|  |TAMS 0x0000000703800000, 0x0000000703800000| Untracked 
|  45|0x0000000703900000, 0x0000000703900000, 0x0000000703a00000|  0%| F|  |TAMS 0x0000000703900000, 0x0000000703900000| Untracked 
|  46|0x0000000703a00000, 0x0000000703a00000, 0x0000000703b00000|  0%| F|  |TAMS 0x0000000703a00000, 0x0000000703a00000| Untracked 
|  47|0x0000000703b00000, 0x0000000703b00000, 0x0000000703c00000|  0%| F|  |TAMS 0x0000000703b00000, 0x0000000703b00000| Untracked 
|  48|0x0000000703c00000, 0x0000000703c00000, 0x0000000703d00000|  0%| F|  |TAMS 0x0000000703c00000, 0x0000000703c00000| Untracked 
|  49|0x0000000703d00000, 0x0000000703d00000, 0x0000000703e00000|  0%| F|  |TAMS 0x0000000703d00000, 0x0000000703d00000| Untracked 
|  50|0x0000000703e00000, 0x0000000703e00000, 0x0000000703f00000|  0%| F|  |TAMS 0x0000000703e00000, 0x0000000703e00000| Untracked 
|  51|0x0000000703f00000, 0x0000000703f00000, 0x0000000704000000|  0%| F|  |TAMS 0x0000000703f00000, 0x0000000703f00000| Untracked 
|  52|0x0000000704000000, 0x0000000704000000, 0x0000000704100000|  0%| F|  |TAMS 0x0000000704000000, 0x0000000704000000| Untracked 
|  53|0x0000000704100000, 0x0000000704100000, 0x0000000704200000|  0%| F|  |TAMS 0x0000000704100000, 0x0000000704100000| Untracked 
|  54|0x0000000704200000, 0x0000000704200000, 0x0000000704300000|  0%| F|  |TAMS 0x0000000704200000, 0x0000000704200000| Untracked 
|  55|0x0000000704300000, 0x0000000704300000, 0x0000000704400000|  0%| F|  |TAMS 0x0000000704300000, 0x0000000704300000| Untracked 
|  56|0x0000000704400000, 0x0000000704400000, 0x0000000704500000|  0%| F|  |TAMS 0x0000000704400000, 0x0000000704400000| Untracked 
|  57|0x0000000704500000, 0x0000000704500000, 0x0000000704600000|  0%| F|  |TAMS 0x0000000704500000, 0x0000000704500000| Untracked 
|  58|0x0000000704600000, 0x0000000704600000, 0x0000000704700000|  0%| F|  |TAMS 0x0000000704600000, 0x0000000704600000| Untracked 
|  59|0x0000000704700000, 0x0000000704700000, 0x0000000704800000|  0%| F|  |TAMS 0x0000000704700000, 0x0000000704700000| Untracked 
|  60|0x0000000704800000, 0x0000000704800000, 0x0000000704900000|  0%| F|  |TAMS 0x0000000704800000, 0x0000000704800000| Untracked 
|  61|0x0000000704900000, 0x0000000704900000, 0x0000000704a00000|  0%| F|  |TAMS 0x0000000704900000, 0x0000000704900000| Untracked 
|  62|0x0000000704a00000, 0x0000000704a00000, 0x0000000704b00000|  0%| F|  |TAMS 0x0000000704a00000, 0x0000000704a00000| Untracked 
|  63|0x0000000704b00000, 0x0000000704b00000, 0x0000000704c00000|  0%| F|  |TAMS 0x0000000704b00000, 0x0000000704b00000| Untracked 
|  64|0x0000000704c00000, 0x0000000704c00000, 0x0000000704d00000|  0%| F|  |TAMS 0x0000000704c00000, 0x0000000704c00000| Untracked 
|  65|0x0000000704d00000, 0x0000000704d00000, 0x0000000704e00000|  0%| F|  |TAMS 0x0000000704d00000, 0x0000000704d00000| Untracked 
|  66|0x0000000704e00000, 0x0000000704e00000, 0x0000000704f00000|  0%| F|  |TAMS 0x0000000704e00000, 0x0000000704e00000| Untracked 
|  67|0x0000000704f00000, 0x0000000704f00000, 0x0000000705000000|  0%| F|  |TAMS 0x0000000704f00000, 0x0000000704f00000| Untracked 
|  68|0x0000000705000000, 0x0000000705000000, 0x0000000705100000|  0%| F|  |TAMS 0x0000000705000000, 0x0000000705000000| Untracked 
|  69|0x0000000705100000, 0x0000000705100000, 0x0000000705200000|  0%| F|  |TAMS 0x0000000705100000, 0x0000000705100000| Untracked 
|  70|0x0000000705200000, 0x0000000705200000, 0x0000000705300000|  0%| F|  |TAMS 0x0000000705200000, 0x0000000705200000| Untracked 
|  71|0x0000000705300000, 0x0000000705300000, 0x0000000705400000|  0%| F|  |TAMS 0x0000000705300000, 0x0000000705300000| Untracked 
|  72|0x0000000705400000, 0x0000000705400000, 0x0000000705500000|  0%| F|  |TAMS 0x0000000705400000, 0x0000000705400000| Untracked 
|  73|0x0000000705500000, 0x0000000705500000, 0x0000000705600000|  0%| F|  |TAMS 0x0000000705500000, 0x0000000705500000| Untracked 
|  74|0x0000000705600000, 0x0000000705600000, 0x0000000705700000|  0%| F|  |TAMS 0x0000000705600000, 0x0000000705600000| Untracked 
|  75|0x0000000705700000, 0x0000000705700000, 0x0000000705800000|  0%| F|  |TAMS 0x0000000705700000, 0x0000000705700000| Untracked 
|  76|0x0000000705800000, 0x0000000705800000, 0x0000000705900000|  0%| F|  |TAMS 0x0000000705800000, 0x0000000705800000| Untracked 
|  77|0x0000000705900000, 0x0000000705900000, 0x0000000705a00000|  0%| F|  |TAMS 0x0000000705900000, 0x0000000705900000| Untracked 
|  78|0x0000000705a00000, 0x0000000705a00000, 0x0000000705b00000|  0%| F|  |TAMS 0x0000000705a00000, 0x0000000705a00000| Untracked 
|  79|0x0000000705b00000, 0x0000000705b00000, 0x0000000705c00000|  0%| F|  |TAMS 0x0000000705b00000, 0x0000000705b00000| Untracked 
|  80|0x0000000705c00000, 0x0000000705c00000, 0x0000000705d00000|  0%| F|  |TAMS 0x0000000705c00000, 0x0000000705c00000| Untracked 
|  81|0x0000000705d00000, 0x0000000705d00000, 0x0000000705e00000|  0%| F|  |TAMS 0x0000000705d00000, 0x0000000705d00000| Untracked 
|  82|0x0000000705e00000, 0x0000000705e00000, 0x0000000705f00000|  0%| F|  |TAMS 0x0000000705e00000, 0x0000000705e00000| Untracked 
|  83|0x0000000705f00000, 0x0000000705f00000, 0x0000000706000000|  0%| F|  |TAMS 0x0000000705f00000, 0x0000000705f00000| Untracked 
|  84|0x0000000706000000, 0x0000000706000000, 0x0000000706100000|  0%| F|  |TAMS 0x0000000706000000, 0x0000000706000000| Untracked 
|  85|0x0000000706100000, 0x0000000706100000, 0x0000000706200000|  0%| F|  |TAMS 0x0000000706100000, 0x0000000706100000| Untracked 
|  86|0x0000000706200000, 0x0000000706200000, 0x0000000706300000|  0%| F|  |TAMS 0x0000000706200000, 0x0000000706200000| Untracked 
|  87|0x0000000706300000, 0x0000000706300000, 0x0000000706400000|  0%| F|  |TAMS 0x0000000706300000, 0x0000000706300000| Untracked 
|  88|0x0000000706400000, 0x0000000706400000, 0x0000000706500000|  0%| F|  |TAMS 0x0000000706400000, 0x0000000706400000| Untracked 
|  89|0x0000000706500000, 0x0000000706500000, 0x0000000706600000|  0%| F|  |TAMS 0x0000000706500000, 0x0000000706500000| Untracked 
|  90|0x0000000706600000, 0x0000000706600000, 0x0000000706700000|  0%| F|  |TAMS 0x0000000706600000, 0x0000000706600000| Untracked 
|  91|0x0000000706700000, 0x0000000706700000, 0x0000000706800000|  0%| F|  |TAMS 0x0000000706700000, 0x0000000706700000| Untracked 
|  92|0x0000000706800000, 0x0000000706800000, 0x0000000706900000|  0%| F|  |TAMS 0x0000000706800000, 0x0000000706800000| Untracked 
|  93|0x0000000706900000, 0x0000000706900000, 0x0000000706a00000|  0%| F|  |TAMS 0x0000000706900000, 0x0000000706900000| Untracked 
|  94|0x0000000706a00000, 0x0000000706a00000, 0x0000000706b00000|  0%| F|  |TAMS 0x0000000706a00000, 0x0000000706a00000| Untracked 
|  95|0x0000000706b00000, 0x0000000706b00000, 0x0000000706c00000|  0%| F|  |TAMS 0x0000000706b00000, 0x0000000706b00000| Untracked 
|  96|0x0000000706c00000, 0x0000000706c00000, 0x0000000706d00000|  0%| F|  |TAMS 0x0000000706c00000, 0x0000000706c00000| Untracked 
|  97|0x0000000706d00000, 0x0000000706d00000, 0x0000000706e00000|  0%| F|  |TAMS 0x0000000706d00000, 0x0000000706d00000| Untracked 
|  98|0x0000000706e00000, 0x0000000706e00000, 0x0000000706f00000|  0%| F|  |TAMS 0x0000000706e00000, 0x0000000706e00000| Untracked 
|  99|0x0000000706f00000, 0x0000000706f00000, 0x0000000707000000|  0%| F|  |TAMS 0x0000000706f00000, 0x0000000706f00000| Untracked 
| 100|0x0000000707000000, 0x0000000707000000, 0x0000000707100000|  0%| F|  |TAMS 0x0000000707000000, 0x0000000707000000| Untracked 
| 101|0x0000000707100000, 0x0000000707100000, 0x0000000707200000|  0%| F|  |TAMS 0x0000000707100000, 0x0000000707100000| Untracked 
| 102|0x0000000707200000, 0x0000000707200000, 0x0000000707300000|  0%| F|  |TAMS 0x0000000707200000, 0x0000000707200000| Untracked 
| 103|0x0000000707300000, 0x0000000707300000, 0x0000000707400000|  0%| F|  |TAMS 0x0000000707300000, 0x0000000707300000| Untracked 
| 104|0x0000000707400000, 0x0000000707400000, 0x0000000707500000|  0%| F|  |TAMS 0x0000000707400000, 0x0000000707400000| Untracked 
| 105|0x0000000707500000, 0x0000000707500000, 0x0000000707600000|  0%| F|  |TAMS 0x0000000707500000, 0x0000000707500000| Untracked 
| 106|0x0000000707600000, 0x0000000707600000, 0x0000000707700000|  0%| F|  |TAMS 0x0000000707600000, 0x0000000707600000| Untracked 
| 107|0x0000000707700000, 0x0000000707700000, 0x0000000707800000|  0%| F|  |TAMS 0x0000000707700000, 0x0000000707700000| Untracked 
| 108|0x0000000707800000, 0x0000000707800000, 0x0000000707900000|  0%| F|  |TAMS 0x0000000707800000, 0x0000000707800000| Untracked 
| 109|0x0000000707900000, 0x0000000707900000, 0x0000000707a00000|  0%| F|  |TAMS 0x0000000707900000, 0x0000000707900000| Untracked 
| 110|0x0000000707a00000, 0x0000000707a00000, 0x0000000707b00000|  0%| F|  |TAMS 0x0000000707a00000, 0x0000000707a00000| Untracked 
| 111|0x0000000707b00000, 0x0000000707b00000, 0x0000000707c00000|  0%| F|  |TAMS 0x0000000707b00000, 0x0000000707b00000| Untracked 
| 112|0x0000000707c00000, 0x0000000707c00000, 0x0000000707d00000|  0%| F|  |TAMS 0x0000000707c00000, 0x0000000707c00000| Untracked 
| 113|0x0000000707d00000, 0x0000000707d00000, 0x0000000707e00000|  0%| F|  |TAMS 0x0000000707d00000, 0x0000000707d00000| Untracked 
| 114|0x0000000707e00000, 0x0000000707e00000, 0x0000000707f00000|  0%| F|  |TAMS 0x0000000707e00000, 0x0000000707e00000| Untracked 
| 115|0x0000000707f00000, 0x0000000707f00000, 0x0000000708000000|  0%| F|  |TAMS 0x0000000707f00000, 0x0000000707f00000| Untracked 
| 116|0x0000000708000000, 0x0000000708000000, 0x0000000708100000|  0%| F|  |TAMS 0x0000000708000000, 0x0000000708000000| Untracked 
| 117|0x0000000708100000, 0x0000000708100000, 0x0000000708200000|  0%| F|  |TAMS 0x0000000708100000, 0x0000000708100000| Untracked 
| 118|0x0000000708200000, 0x00000007082ffdc0, 0x0000000708300000| 99%| S|CS|TAMS 0x0000000708200000, 0x0000000708200000| Complete 
| 119|0x0000000708300000, 0x0000000708400000, 0x0000000708400000|100%| S|CS|TAMS 0x0000000708300000, 0x0000000708300000| Complete 
| 120|0x0000000708400000, 0x0000000708500000, 0x0000000708500000|100%| S|CS|TAMS 0x0000000708400000, 0x0000000708400000| Complete 
| 121|0x0000000708500000, 0x0000000708600000, 0x0000000708600000|100%| S|CS|TAMS 0x0000000708500000, 0x0000000708500000| Complete 
| 122|0x0000000708600000, 0x0000000708700000, 0x0000000708700000|100%| S|CS|TAMS 0x0000000708600000, 0x0000000708600000| Complete 
| 123|0x0000000708700000, 0x0000000708800000, 0x0000000708800000|100%| S|CS|TAMS 0x0000000708700000, 0x0000000708700000| Complete 
| 124|0x0000000708800000, 0x0000000708800000, 0x0000000708900000|  0%| F|  |TAMS 0x0000000708800000, 0x0000000708800000| Untracked 
| 125|0x0000000708900000, 0x0000000708900000, 0x0000000708a00000|  0%| F|  |TAMS 0x0000000708900000, 0x0000000708900000| Untracked 
| 126|0x0000000708a00000, 0x0000000708a00000, 0x0000000708b00000|  0%| F|  |TAMS 0x0000000708a00000, 0x0000000708a00000| Untracked 
| 127|0x0000000708b00000, 0x0000000708b00000, 0x0000000708c00000|  0%| F|  |TAMS 0x0000000708b00000, 0x0000000708b00000| Untracked 
| 128|0x0000000708c00000, 0x0000000708c00000, 0x0000000708d00000|  0%| F|  |TAMS 0x0000000708c00000, 0x0000000708c00000| Untracked 
| 129|0x0000000708d00000, 0x0000000708d00000, 0x0000000708e00000|  0%| F|  |TAMS 0x0000000708d00000, 0x0000000708d00000| Untracked 
| 130|0x0000000708e00000, 0x0000000708e00000, 0x0000000708f00000|  0%| F|  |TAMS 0x0000000708e00000, 0x0000000708e00000| Untracked 
| 131|0x0000000708f00000, 0x0000000708f00000, 0x0000000709000000|  0%| F|  |TAMS 0x0000000708f00000, 0x0000000708f00000| Untracked 
| 132|0x0000000709000000, 0x0000000709000000, 0x0000000709100000|  0%| F|  |TAMS 0x0000000709000000, 0x0000000709000000| Untracked 
| 133|0x0000000709100000, 0x0000000709100000, 0x0000000709200000|  0%| F|  |TAMS 0x0000000709100000, 0x0000000709100000| Untracked 
| 134|0x0000000709200000, 0x0000000709200000, 0x0000000709300000|  0%| F|  |TAMS 0x0000000709200000, 0x0000000709200000| Untracked 
| 135|0x0000000709300000, 0x0000000709300000, 0x0000000709400000|  0%| F|  |TAMS 0x0000000709300000, 0x0000000709300000| Untracked 
| 136|0x0000000709400000, 0x0000000709400000, 0x0000000709500000|  0%| F|  |TAMS 0x0000000709400000, 0x0000000709400000| Untracked 
| 137|0x0000000709500000, 0x0000000709500000, 0x0000000709600000|  0%| F|  |TAMS 0x0000000709500000, 0x0000000709500000| Untracked 
| 138|0x0000000709600000, 0x0000000709600000, 0x0000000709700000|  0%| F|  |TAMS 0x0000000709600000, 0x0000000709600000| Untracked 
| 139|0x0000000709700000, 0x0000000709700000, 0x0000000709800000|  0%| F|  |TAMS 0x0000000709700000, 0x0000000709700000| Untracked 
| 140|0x0000000709800000, 0x0000000709800000, 0x0000000709900000|  0%| F|  |TAMS 0x0000000709800000, 0x0000000709800000| Untracked 
| 141|0x0000000709900000, 0x0000000709900000, 0x0000000709a00000|  0%| F|  |TAMS 0x0000000709900000, 0x0000000709900000| Untracked 
| 142|0x0000000709a00000, 0x0000000709a00000, 0x0000000709b00000|  0%| F|  |TAMS 0x0000000709a00000, 0x0000000709a00000| Untracked 
| 143|0x0000000709b00000, 0x0000000709b00000, 0x0000000709c00000|  0%| F|  |TAMS 0x0000000709b00000, 0x0000000709b00000| Untracked 
| 144|0x0000000709c00000, 0x0000000709c00000, 0x0000000709d00000|  0%| F|  |TAMS 0x0000000709c00000, 0x0000000709c00000| Untracked 
| 145|0x0000000709d00000, 0x0000000709d00000, 0x0000000709e00000|  0%| F|  |TAMS 0x0000000709d00000, 0x0000000709d00000| Untracked 
| 146|0x0000000709e00000, 0x0000000709e00000, 0x0000000709f00000|  0%| F|  |TAMS 0x0000000709e00000, 0x0000000709e00000| Untracked 
| 147|0x0000000709f00000, 0x0000000709f00000, 0x000000070a000000|  0%| F|  |TAMS 0x0000000709f00000, 0x0000000709f00000| Untracked 
| 148|0x000000070a000000, 0x000000070a000000, 0x000000070a100000|  0%| F|  |TAMS 0x000000070a000000, 0x000000070a000000| Untracked 
| 149|0x000000070a100000, 0x000000070a100000, 0x000000070a200000|  0%| F|  |TAMS 0x000000070a100000, 0x000000070a100000| Untracked 
| 150|0x000000070a200000, 0x000000070a200000, 0x000000070a300000|  0%| F|  |TAMS 0x000000070a200000, 0x000000070a200000| Untracked 
| 151|0x000000070a300000, 0x000000070a300000, 0x000000070a400000|  0%| F|  |TAMS 0x000000070a300000, 0x000000070a300000| Untracked 
| 152|0x000000070a400000, 0x000000070a400000, 0x000000070a500000|  0%| F|  |TAMS 0x000000070a400000, 0x000000070a400000| Untracked 
| 153|0x000000070a500000, 0x000000070a500000, 0x000000070a600000|  0%| F|  |TAMS 0x000000070a500000, 0x000000070a500000| Untracked 
| 154|0x000000070a600000, 0x000000070a600000, 0x000000070a700000|  0%| F|  |TAMS 0x000000070a600000, 0x000000070a600000| Untracked 
| 155|0x000000070a700000, 0x000000070a700000, 0x000000070a800000|  0%| F|  |TAMS 0x000000070a700000, 0x000000070a700000| Untracked 
| 156|0x000000070a800000, 0x000000070a800000, 0x000000070a900000|  0%| F|  |TAMS 0x000000070a800000, 0x000000070a800000| Untracked 
| 157|0x000000070a900000, 0x000000070a900000, 0x000000070aa00000|  0%| F|  |TAMS 0x000000070a900000, 0x000000070a900000| Untracked 
| 158|0x000000070aa00000, 0x000000070aa00000, 0x000000070ab00000|  0%| F|  |TAMS 0x000000070aa00000, 0x000000070aa00000| Untracked 
| 159|0x000000070ab00000, 0x000000070ab00000, 0x000000070ac00000|  0%| F|  |TAMS 0x000000070ab00000, 0x000000070ab00000| Untracked 
| 160|0x000000070ac00000, 0x000000070ac00000, 0x000000070ad00000|  0%| F|  |TAMS 0x000000070ac00000, 0x000000070ac00000| Untracked 
| 161|0x000000070ad00000, 0x000000070ad00000, 0x000000070ae00000|  0%| F|  |TAMS 0x000000070ad00000, 0x000000070ad00000| Untracked 
| 162|0x000000070ae00000, 0x000000070ae00000, 0x000000070af00000|  0%| F|  |TAMS 0x000000070ae00000, 0x000000070ae00000| Untracked 
| 163|0x000000070af00000, 0x000000070af00000, 0x000000070b000000|  0%| F|  |TAMS 0x000000070af00000, 0x000000070af00000| Untracked 
| 164|0x000000070b000000, 0x000000070b000000, 0x000000070b100000|  0%| F|  |TAMS 0x000000070b000000, 0x000000070b000000| Untracked 
| 165|0x000000070b100000, 0x000000070b100000, 0x000000070b200000|  0%| F|  |TAMS 0x000000070b100000, 0x000000070b100000| Untracked 
| 166|0x000000070b200000, 0x000000070b200000, 0x000000070b300000|  0%| F|  |TAMS 0x000000070b200000, 0x000000070b200000| Untracked 
| 167|0x000000070b300000, 0x000000070b300000, 0x000000070b400000|  0%| F|  |TAMS 0x000000070b300000, 0x000000070b300000| Untracked 
| 168|0x000000070b400000, 0x000000070b400000, 0x000000070b500000|  0%| F|  |TAMS 0x000000070b400000, 0x000000070b400000| Untracked 
| 169|0x000000070b500000, 0x000000070b500000, 0x000000070b600000|  0%| F|  |TAMS 0x000000070b500000, 0x000000070b500000| Untracked 
| 170|0x000000070b600000, 0x000000070b600000, 0x000000070b700000|  0%| F|  |TAMS 0x000000070b600000, 0x000000070b600000| Untracked 
| 171|0x000000070b700000, 0x000000070b700000, 0x000000070b800000|  0%| F|  |TAMS 0x000000070b700000, 0x000000070b700000| Untracked 
| 172|0x000000070b800000, 0x000000070b800000, 0x000000070b900000|  0%| F|  |TAMS 0x000000070b800000, 0x000000070b800000| Untracked 
| 173|0x000000070b900000, 0x000000070b900000, 0x000000070ba00000|  0%| F|  |TAMS 0x000000070b900000, 0x000000070b900000| Untracked 
| 174|0x000000070ba00000, 0x000000070ba00000, 0x000000070bb00000|  0%| F|  |TAMS 0x000000070ba00000, 0x000000070ba00000| Untracked 
| 175|0x000000070bb00000, 0x000000070bb00000, 0x000000070bc00000|  0%| F|  |TAMS 0x000000070bb00000, 0x000000070bb00000| Untracked 
| 176|0x000000070bc00000, 0x000000070bc00000, 0x000000070bd00000|  0%| F|  |TAMS 0x000000070bc00000, 0x000000070bc00000| Untracked 
| 177|0x000000070bd00000, 0x000000070bd00000, 0x000000070be00000|  0%| F|  |TAMS 0x000000070bd00000, 0x000000070bd00000| Untracked 
| 178|0x000000070be00000, 0x000000070be00000, 0x000000070bf00000|  0%| F|  |TAMS 0x000000070be00000, 0x000000070be00000| Untracked 
| 179|0x000000070bf00000, 0x000000070bf00000, 0x000000070c000000|  0%| F|  |TAMS 0x000000070bf00000, 0x000000070bf00000| Untracked 
| 180|0x000000070c000000, 0x000000070c000000, 0x000000070c100000|  0%| F|  |TAMS 0x000000070c000000, 0x000000070c000000| Untracked 
| 181|0x000000070c100000, 0x000000070c100000, 0x000000070c200000|  0%| F|  |TAMS 0x000000070c100000, 0x000000070c100000| Untracked 
| 182|0x000000070c200000, 0x000000070c200000, 0x000000070c300000|  0%| F|  |TAMS 0x000000070c200000, 0x000000070c200000| Untracked 
| 183|0x000000070c300000, 0x000000070c300000, 0x000000070c400000|  0%| F|  |TAMS 0x000000070c300000, 0x000000070c300000| Untracked 
| 184|0x000000070c400000, 0x000000070c400000, 0x000000070c500000|  0%| F|  |TAMS 0x000000070c400000, 0x000000070c400000| Untracked 
| 185|0x000000070c500000, 0x000000070c500000, 0x000000070c600000|  0%| F|  |TAMS 0x000000070c500000, 0x000000070c500000| Untracked 
| 186|0x000000070c600000, 0x000000070c600000, 0x000000070c700000|  0%| F|  |TAMS 0x000000070c600000, 0x000000070c600000| Untracked 
| 187|0x000000070c700000, 0x000000070c700000, 0x000000070c800000|  0%| F|  |TAMS 0x000000070c700000, 0x000000070c700000| Untracked 
| 188|0x000000070c800000, 0x000000070c800000, 0x000000070c900000|  0%| F|  |TAMS 0x000000070c800000, 0x000000070c800000| Untracked 
| 189|0x000000070c900000, 0x000000070c900000, 0x000000070ca00000|  0%| F|  |TAMS 0x000000070c900000, 0x000000070c900000| Untracked 
| 190|0x000000070ca00000, 0x000000070ca00000, 0x000000070cb00000|  0%| F|  |TAMS 0x000000070ca00000, 0x000000070ca00000| Untracked 
| 191|0x000000070cb00000, 0x000000070cb00000, 0x000000070cc00000|  0%| F|  |TAMS 0x000000070cb00000, 0x000000070cb00000| Untracked 
| 192|0x000000070cc00000, 0x000000070cc00000, 0x000000070cd00000|  0%| F|  |TAMS 0x000000070cc00000, 0x000000070cc00000| Untracked 
| 193|0x000000070cd00000, 0x000000070cd00000, 0x000000070ce00000|  0%| F|  |TAMS 0x000000070cd00000, 0x000000070cd00000| Untracked 
| 194|0x000000070ce00000, 0x000000070ce00000, 0x000000070cf00000|  0%| F|  |TAMS 0x000000070ce00000, 0x000000070ce00000| Untracked 
| 195|0x000000070cf00000, 0x000000070cf00000, 0x000000070d000000|  0%| F|  |TAMS 0x000000070cf00000, 0x000000070cf00000| Untracked 
| 196|0x000000070d000000, 0x000000070d000000, 0x000000070d100000|  0%| F|  |TAMS 0x000000070d000000, 0x000000070d000000| Untracked 
| 197|0x000000070d100000, 0x000000070d100000, 0x000000070d200000|  0%| F|  |TAMS 0x000000070d100000, 0x000000070d100000| Untracked 
| 198|0x000000070d200000, 0x000000070d200000, 0x000000070d300000|  0%| F|  |TAMS 0x000000070d200000, 0x000000070d200000| Untracked 
| 199|0x000000070d300000, 0x000000070d300000, 0x000000070d400000|  0%| F|  |TAMS 0x000000070d300000, 0x000000070d300000| Untracked 
| 200|0x000000070d400000, 0x000000070d400000, 0x000000070d500000|  0%| F|  |TAMS 0x000000070d400000, 0x000000070d400000| Untracked 
| 201|0x000000070d500000, 0x000000070d500000, 0x000000070d600000|  0%| F|  |TAMS 0x000000070d500000, 0x000000070d500000| Untracked 
| 202|0x000000070d600000, 0x000000070d600000, 0x000000070d700000|  0%| F|  |TAMS 0x000000070d600000, 0x000000070d600000| Untracked 
| 203|0x000000070d700000, 0x000000070d700000, 0x000000070d800000|  0%| F|  |TAMS 0x000000070d700000, 0x000000070d700000| Untracked 
| 204|0x000000070d800000, 0x000000070d800000, 0x000000070d900000|  0%| F|  |TAMS 0x000000070d800000, 0x000000070d800000| Untracked 
| 205|0x000000070d900000, 0x000000070d900000, 0x000000070da00000|  0%| F|  |TAMS 0x000000070d900000, 0x000000070d900000| Untracked 
| 206|0x000000070da00000, 0x000000070da00000, 0x000000070db00000|  0%| F|  |TAMS 0x000000070da00000, 0x000000070da00000| Untracked 
| 207|0x000000070db00000, 0x000000070db00000, 0x000000070dc00000|  0%| F|  |TAMS 0x000000070db00000, 0x000000070db00000| Untracked 
| 208|0x000000070dc00000, 0x000000070dc00000, 0x000000070dd00000|  0%| F|  |TAMS 0x000000070dc00000, 0x000000070dc00000| Untracked 
| 209|0x000000070dd00000, 0x000000070dd00000, 0x000000070de00000|  0%| F|  |TAMS 0x000000070dd00000, 0x000000070dd00000| Untracked 
| 210|0x000000070de00000, 0x000000070de00000, 0x000000070df00000|  0%| F|  |TAMS 0x000000070de00000, 0x000000070de00000| Untracked 
| 211|0x000000070df00000, 0x000000070df00000, 0x000000070e000000|  0%| F|  |TAMS 0x000000070df00000, 0x000000070df00000| Untracked 
| 212|0x000000070e000000, 0x000000070e000000, 0x000000070e100000|  0%| F|  |TAMS 0x000000070e000000, 0x000000070e000000| Untracked 
| 213|0x000000070e100000, 0x000000070e100000, 0x000000070e200000|  0%| F|  |TAMS 0x000000070e100000, 0x000000070e100000| Untracked 
| 214|0x000000070e200000, 0x000000070e200000, 0x000000070e300000|  0%| F|  |TAMS 0x000000070e200000, 0x000000070e200000| Untracked 
| 215|0x000000070e300000, 0x000000070e300000, 0x000000070e400000|  0%| F|  |TAMS 0x000000070e300000, 0x000000070e300000| Untracked 
| 216|0x000000070e400000, 0x000000070e400000, 0x000000070e500000|  0%| F|  |TAMS 0x000000070e400000, 0x000000070e400000| Untracked 
| 217|0x000000070e500000, 0x000000070e500000, 0x000000070e600000|  0%| F|  |TAMS 0x000000070e500000, 0x000000070e500000| Untracked 
| 218|0x000000070e600000, 0x000000070e600000, 0x000000070e700000|  0%| F|  |TAMS 0x000000070e600000, 0x000000070e600000| Untracked 
| 219|0x000000070e700000, 0x000000070e700000, 0x000000070e800000|  0%| F|  |TAMS 0x000000070e700000, 0x000000070e700000| Untracked 
| 220|0x000000070e800000, 0x000000070e800000, 0x000000070e900000|  0%| F|  |TAMS 0x000000070e800000, 0x000000070e800000| Untracked 
| 221|0x000000070e900000, 0x000000070e900000, 0x000000070ea00000|  0%| F|  |TAMS 0x000000070e900000, 0x000000070e900000| Untracked 
| 222|0x000000070ea00000, 0x000000070ea00000, 0x000000070eb00000|  0%| F|  |TAMS 0x000000070ea00000, 0x000000070ea00000| Untracked 
| 223|0x000000070eb00000, 0x000000070eb00000, 0x000000070ec00000|  0%| F|  |TAMS 0x000000070eb00000, 0x000000070eb00000| Untracked 
| 224|0x000000070ec00000, 0x000000070ec00000, 0x000000070ed00000|  0%| F|  |TAMS 0x000000070ec00000, 0x000000070ec00000| Untracked 
| 225|0x000000070ed00000, 0x000000070ed00000, 0x000000070ee00000|  0%| F|  |TAMS 0x000000070ed00000, 0x000000070ed00000| Untracked 
| 226|0x000000070ee00000, 0x000000070ee00000, 0x000000070ef00000|  0%| F|  |TAMS 0x000000070ee00000, 0x000000070ee00000| Untracked 
| 227|0x000000070ef00000, 0x000000070ef00000, 0x000000070f000000|  0%| F|  |TAMS 0x000000070ef00000, 0x000000070ef00000| Untracked 
| 228|0x000000070f000000, 0x000000070f000000, 0x000000070f100000|  0%| F|  |TAMS 0x000000070f000000, 0x000000070f000000| Untracked 
| 229|0x000000070f100000, 0x000000070f100000, 0x000000070f200000|  0%| F|  |TAMS 0x000000070f100000, 0x000000070f100000| Untracked 
| 230|0x000000070f200000, 0x000000070f200000, 0x000000070f300000|  0%| F|  |TAMS 0x000000070f200000, 0x000000070f200000| Untracked 
| 231|0x000000070f300000, 0x000000070f300000, 0x000000070f400000|  0%| F|  |TAMS 0x000000070f300000, 0x000000070f300000| Untracked 
| 232|0x000000070f400000, 0x000000070f400000, 0x000000070f500000|  0%| F|  |TAMS 0x000000070f400000, 0x000000070f400000| Untracked 
| 233|0x000000070f500000, 0x000000070f500000, 0x000000070f600000|  0%| F|  |TAMS 0x000000070f500000, 0x000000070f500000| Untracked 
| 234|0x000000070f600000, 0x000000070f600000, 0x000000070f700000|  0%| F|  |TAMS 0x000000070f600000, 0x000000070f600000| Untracked 
| 235|0x000000070f700000, 0x000000070f700000, 0x000000070f800000|  0%| F|  |TAMS 0x000000070f700000, 0x000000070f700000| Untracked 
| 236|0x000000070f800000, 0x000000070f800000, 0x000000070f900000|  0%| F|  |TAMS 0x000000070f800000, 0x000000070f800000| Untracked 
| 237|0x000000070f900000, 0x000000070f900000, 0x000000070fa00000|  0%| F|  |TAMS 0x000000070f900000, 0x000000070f900000| Untracked 
| 238|0x000000070fa00000, 0x000000070fa00000, 0x000000070fb00000|  0%| F|  |TAMS 0x000000070fa00000, 0x000000070fa00000| Untracked 
| 239|0x000000070fb00000, 0x000000070fb00000, 0x000000070fc00000|  0%| F|  |TAMS 0x000000070fb00000, 0x000000070fb00000| Untracked 
| 240|0x000000070fc00000, 0x000000070fc00000, 0x000000070fd00000|  0%| F|  |TAMS 0x000000070fc00000, 0x000000070fc00000| Untracked 
| 241|0x000000070fd00000, 0x000000070fd00000, 0x000000070fe00000|  0%| F|  |TAMS 0x000000070fd00000, 0x000000070fd00000| Untracked 
| 242|0x000000070fe00000, 0x000000070fe00000, 0x000000070ff00000|  0%| F|  |TAMS 0x000000070fe00000, 0x000000070fe00000| Untracked 
| 243|0x000000070ff00000, 0x000000070ff00000, 0x0000000710000000|  0%| F|  |TAMS 0x000000070ff00000, 0x000000070ff00000| Untracked 
| 244|0x0000000710000000, 0x0000000710000000, 0x0000000710100000|  0%| F|  |TAMS 0x0000000710000000, 0x0000000710000000| Untracked 
| 245|0x0000000710100000, 0x0000000710100000, 0x0000000710200000|  0%| F|  |TAMS 0x0000000710100000, 0x0000000710100000| Untracked 
| 246|0x0000000710200000, 0x0000000710200000, 0x0000000710300000|  0%| F|  |TAMS 0x0000000710200000, 0x0000000710200000| Untracked 
| 247|0x0000000710300000, 0x0000000710300000, 0x0000000710400000|  0%| F|  |TAMS 0x0000000710300000, 0x0000000710300000| Untracked 
| 248|0x0000000710400000, 0x0000000710400000, 0x0000000710500000|  0%| F|  |TAMS 0x0000000710400000, 0x0000000710400000| Untracked 
| 249|0x0000000710500000, 0x0000000710500000, 0x0000000710600000|  0%| F|  |TAMS 0x0000000710500000, 0x0000000710500000| Untracked 
| 250|0x0000000710600000, 0x0000000710600000, 0x0000000710700000|  0%| F|  |TAMS 0x0000000710600000, 0x0000000710600000| Untracked 
| 251|0x0000000710700000, 0x0000000710700000, 0x0000000710800000|  0%| F|  |TAMS 0x0000000710700000, 0x0000000710700000| Untracked 
| 252|0x0000000710800000, 0x0000000710800000, 0x0000000710900000|  0%| F|  |TAMS 0x0000000710800000, 0x0000000710800000| Untracked 
| 253|0x0000000710900000, 0x0000000710900000, 0x0000000710a00000|  0%| F|  |TAMS 0x0000000710900000, 0x0000000710900000| Untracked 
| 254|0x0000000710a00000, 0x0000000710a00000, 0x0000000710b00000|  0%| F|  |TAMS 0x0000000710a00000, 0x0000000710a00000| Untracked 
| 255|0x0000000710b00000, 0x0000000710b00000, 0x0000000710c00000|  0%| F|  |TAMS 0x0000000710b00000, 0x0000000710b00000| Untracked 
| 256|0x0000000710c00000, 0x0000000710c00000, 0x0000000710d00000|  0%| F|  |TAMS 0x0000000710c00000, 0x0000000710c00000| Untracked 
| 257|0x0000000710d00000, 0x0000000710d00000, 0x0000000710e00000|  0%| F|  |TAMS 0x0000000710d00000, 0x0000000710d00000| Untracked 
| 258|0x0000000710e00000, 0x0000000710e80800, 0x0000000710f00000| 50%| E|  |TAMS 0x0000000710e00000, 0x0000000710e00000| Complete 
| 259|0x0000000710f00000, 0x0000000711000000, 0x0000000711000000|100%| E|CS|TAMS 0x0000000710f00000, 0x0000000710f00000| Complete 
| 260|0x0000000711000000, 0x0000000711100000, 0x0000000711100000|100%| E|CS|TAMS 0x0000000711000000, 0x0000000711000000| Complete 
| 261|0x0000000711100000, 0x0000000711200000, 0x0000000711200000|100%| E|CS|TAMS 0x0000000711100000, 0x0000000711100000| Complete 
| 262|0x0000000711200000, 0x0000000711300000, 0x0000000711300000|100%| E|CS|TAMS 0x0000000711200000, 0x0000000711200000| Complete 
| 263|0x0000000711300000, 0x0000000711400000, 0x0000000711400000|100%| E|CS|TAMS 0x0000000711300000, 0x0000000711300000| Complete 
| 264|0x0000000711400000, 0x0000000711500000, 0x0000000711500000|100%| E|CS|TAMS 0x0000000711400000, 0x0000000711400000| Complete 
| 265|0x0000000711500000, 0x0000000711600000, 0x0000000711600000|100%| E|CS|TAMS 0x0000000711500000, 0x0000000711500000| Complete 
| 266|0x0000000711600000, 0x0000000711700000, 0x0000000711700000|100%| E|CS|TAMS 0x0000000711600000, 0x0000000711600000| Complete 
| 267|0x0000000711700000, 0x0000000711800000, 0x0000000711800000|100%| E|CS|TAMS 0x0000000711700000, 0x0000000711700000| Complete 
| 268|0x0000000711800000, 0x0000000711900000, 0x0000000711900000|100%| E|CS|TAMS 0x0000000711800000, 0x0000000711800000| Complete 
| 269|0x0000000711900000, 0x0000000711a00000, 0x0000000711a00000|100%| E|CS|TAMS 0x0000000711900000, 0x0000000711900000| Complete 
| 270|0x0000000711a00000, 0x0000000711b00000, 0x0000000711b00000|100%| E|CS|TAMS 0x0000000711a00000, 0x0000000711a00000| Complete 
| 271|0x0000000711b00000, 0x0000000711c00000, 0x0000000711c00000|100%| E|CS|TAMS 0x0000000711b00000, 0x0000000711b00000| Complete 
| 272|0x0000000711c00000, 0x0000000711d00000, 0x0000000711d00000|100%| E|CS|TAMS 0x0000000711c00000, 0x0000000711c00000| Complete 
| 273|0x0000000711d00000, 0x0000000711e00000, 0x0000000711e00000|100%| E|CS|TAMS 0x0000000711d00000, 0x0000000711d00000| Complete 
| 274|0x0000000711e00000, 0x0000000711f00000, 0x0000000711f00000|100%| E|CS|TAMS 0x0000000711e00000, 0x0000000711e00000| Complete 
| 275|0x0000000711f00000, 0x0000000712000000, 0x0000000712000000|100%| E|CS|TAMS 0x0000000711f00000, 0x0000000711f00000| Complete 
| 276|0x0000000712000000, 0x0000000712100000, 0x0000000712100000|100%| E|CS|TAMS 0x0000000712000000, 0x0000000712000000| Complete 
| 277|0x0000000712100000, 0x0000000712200000, 0x0000000712200000|100%| E|CS|TAMS 0x0000000712100000, 0x0000000712100000| Complete 
| 278|0x0000000712200000, 0x0000000712300000, 0x0000000712300000|100%| E|CS|TAMS 0x0000000712200000, 0x0000000712200000| Complete 
| 279|0x0000000712300000, 0x0000000712400000, 0x0000000712400000|100%| E|CS|TAMS 0x0000000712300000, 0x0000000712300000| Complete 
| 280|0x0000000712400000, 0x0000000712500000, 0x0000000712500000|100%| E|CS|TAMS 0x0000000712400000, 0x0000000712400000| Complete 
| 281|0x0000000712500000, 0x0000000712600000, 0x0000000712600000|100%| E|CS|TAMS 0x0000000712500000, 0x0000000712500000| Complete 
| 282|0x0000000712600000, 0x0000000712700000, 0x0000000712700000|100%| E|CS|TAMS 0x0000000712600000, 0x0000000712600000| Complete 
| 283|0x0000000712700000, 0x0000000712800000, 0x0000000712800000|100%| E|CS|TAMS 0x0000000712700000, 0x0000000712700000| Complete 
| 284|0x0000000712800000, 0x0000000712900000, 0x0000000712900000|100%| E|CS|TAMS 0x0000000712800000, 0x0000000712800000| Complete 
| 285|0x0000000712900000, 0x0000000712a00000, 0x0000000712a00000|100%| E|CS|TAMS 0x0000000712900000, 0x0000000712900000| Complete 
| 286|0x0000000712a00000, 0x0000000712b00000, 0x0000000712b00000|100%| E|CS|TAMS 0x0000000712a00000, 0x0000000712a00000| Complete 
| 287|0x0000000712b00000, 0x0000000712c00000, 0x0000000712c00000|100%| E|CS|TAMS 0x0000000712b00000, 0x0000000712b00000| Complete 
| 288|0x0000000712c00000, 0x0000000712d00000, 0x0000000712d00000|100%| E|CS|TAMS 0x0000000712c00000, 0x0000000712c00000| Complete 
| 289|0x0000000712d00000, 0x0000000712e00000, 0x0000000712e00000|100%| E|CS|TAMS 0x0000000712d00000, 0x0000000712d00000| Complete 
| 290|0x0000000712e00000, 0x0000000712f00000, 0x0000000712f00000|100%| E|CS|TAMS 0x0000000712e00000, 0x0000000712e00000| Complete 
| 291|0x0000000712f00000, 0x0000000713000000, 0x0000000713000000|100%| E|CS|TAMS 0x0000000712f00000, 0x0000000712f00000| Complete 
| 292|0x0000000713000000, 0x0000000713100000, 0x0000000713100000|100%| E|CS|TAMS 0x0000000713000000, 0x0000000713000000| Complete 
| 293|0x0000000713100000, 0x0000000713200000, 0x0000000713200000|100%| E|CS|TAMS 0x0000000713100000, 0x0000000713100000| Complete 
| 294|0x0000000713200000, 0x0000000713300000, 0x0000000713300000|100%| E|CS|TAMS 0x0000000713200000, 0x0000000713200000| Complete 
| 295|0x0000000713300000, 0x0000000713400000, 0x0000000713400000|100%| E|CS|TAMS 0x0000000713300000, 0x0000000713300000| Complete 
| 296|0x0000000713400000, 0x0000000713500000, 0x0000000713500000|100%| E|CS|TAMS 0x0000000713400000, 0x0000000713400000| Complete 
| 297|0x0000000713500000, 0x0000000713600000, 0x0000000713600000|100%| E|CS|TAMS 0x0000000713500000, 0x0000000713500000| Complete 
| 298|0x0000000713600000, 0x0000000713700000, 0x0000000713700000|100%| E|CS|TAMS 0x0000000713600000, 0x0000000713600000| Complete 
| 299|0x0000000713700000, 0x0000000713800000, 0x0000000713800000|100%| E|CS|TAMS 0x0000000713700000, 0x0000000713700000| Complete 
| 300|0x0000000713800000, 0x0000000713900000, 0x0000000713900000|100%| E|CS|TAMS 0x0000000713800000, 0x0000000713800000| Complete 
| 301|0x0000000713900000, 0x0000000713a00000, 0x0000000713a00000|100%| E|CS|TAMS 0x0000000713900000, 0x0000000713900000| Complete 
| 302|0x0000000713a00000, 0x0000000713b00000, 0x0000000713b00000|100%| E|CS|TAMS 0x0000000713a00000, 0x0000000713a00000| Complete 
| 303|0x0000000713b00000, 0x0000000713c00000, 0x0000000713c00000|100%| E|CS|TAMS 0x0000000713b00000, 0x0000000713b00000| Complete 
| 304|0x0000000713c00000, 0x0000000713d00000, 0x0000000713d00000|100%| E|CS|TAMS 0x0000000713c00000, 0x0000000713c00000| Complete 
| 305|0x0000000713d00000, 0x0000000713e00000, 0x0000000713e00000|100%| E|CS|TAMS 0x0000000713d00000, 0x0000000713d00000| Complete 
| 306|0x0000000713e00000, 0x0000000713f00000, 0x0000000713f00000|100%| E|CS|TAMS 0x0000000713e00000, 0x0000000713e00000| Complete 
| 307|0x0000000713f00000, 0x0000000714000000, 0x0000000714000000|100%| E|CS|TAMS 0x0000000713f00000, 0x0000000713f00000| Complete 

Card table byte_map: [0x00000215709f0000,0x00000215711f0000] _byte_map_base: 0x000002156d1ea000

Marking Bits (Prev, Next): (CMBitMap*) 0x00000215585ae2f0, (CMBitMap*) 0x00000215585ae2b8
 Prev Bits: [0x00000215759c0000, 0x0000021579990000)
 Next Bits: [0x00000215719f0000, 0x00000215759c0000)

Polling page: 0x00000215563b0000

Metaspace:

Usage:
  Non-class:     23.80 MB capacity,    23.58 MB (>99%) used,   188.46 KB ( <1%) free+waste,    37.44 KB ( <1%) overhead. 
      Class:      3.04 MB capacity,     2.92 MB ( 96%) used,   101.73 KB (  3%) free+waste,    14.81 KB ( <1%) overhead. 
       Both:     26.83 MB capacity,    26.50 MB ( 99%) used,   290.19 KB (  1%) free+waste,    52.25 KB ( <1%) overhead. 

Virtual space:
  Non-class space:       24.00 MB reserved,      24.00 MB (100%) committed 
      Class space:        1.00 GB reserved,       3.13 MB ( <1%) committed 
             Both:        1.02 GB reserved,      27.13 MB (  3%) committed 

Chunk freelists:
   Non-Class:  16.00 KB
       Class:  27.00 KB
        Both:  43.00 KB

MaxMetaspaceSize: 17179869184.00 GB
CompressedClassSpaceSize: 1.00 GB
Initial GC threshold: 20.80 MB
Current GC threshold: 35.00 MB
CDS: off

CodeHeap 'non-profiled nmethods': size=120000Kb used=2547Kb max_used=2547Kb free=117453Kb
 bounds [0x0000021568770000, 0x00000215689f0000, 0x000002156fca0000]
CodeHeap 'profiled nmethods': size=120000Kb used=10113Kb max_used=10113Kb free=109887Kb
 bounds [0x0000021561240000, 0x0000021561c30000, 0x0000021568770000]
CodeHeap 'non-nmethods': size=5760Kb used=1224Kb max_used=1286Kb free=4535Kb
 bounds [0x0000021560ca0000, 0x0000021560f10000, 0x0000021561240000]
 total_blobs=5058 nmethods=4559 adapters=411
 compilation: enabled
              stopped_count=0, restarted_count=0
 full_count=0

Compilation events (20 events):
Event: 3.623 Thread 0x000002157d043800 4573       4       java.lang.AbstractStringBuilder::append (77 bytes)
Event: 3.624 Thread 0x000002157d044800 nmethod 4572 0x0000021561c1a890 code [0x0000021561c1aac0, 0x0000021561c1b138]
Event: 3.626 Thread 0x000002157d044800 4575       3       java.io.WinNTFileSystem::normalize (143 bytes)
Event: 3.627 Thread 0x000002157d044800 nmethod 4575 0x0000021561c1b390 code [0x0000021561c1b620, 0x0000021561c1c178]
Event: 3.628 Thread 0x000002157d043800 nmethod 4573 0x00000215689eb510 code [0x00000215689eb6e0, 0x00000215689ebc68]
Event: 3.629 Thread 0x000002157d044800 4576       3       java.io.FileInputStream::read (9 bytes)
Event: 3.629 Thread 0x000002157d044800 nmethod 4576 0x0000021561c1c610 code [0x0000021561c1c7c0, 0x0000021561c1c908]
Event: 3.636 Thread 0x000002157d044800 4577   !   3       java.nio.DirectByteBuffer::put (32 bytes)
Event: 3.636 Thread 0x000002157db0c800 4579       4       java.nio.DirectByteBuffer::ix (10 bytes)
Event: 3.636 Thread 0x000002157d044800 nmethod 4577 0x0000021561c1ca10 code [0x0000021561c1cbe0, 0x0000021561c1ced8]
Event: 3.636 Thread 0x000002157d044800 4578       3       jdk.internal.misc.Unsafe::putByte (8 bytes)
Event: 3.636 Thread 0x000002157db0c800 nmethod 4579 0x00000215689ec310 code [0x00000215689ec4a0, 0x00000215689ec518]
Event: 3.636 Thread 0x000002157d044800 nmethod 4578 0x0000021561c1d110 code [0x0000021561c1d2c0, 0x0000021561c1d3d8]
Event: 3.637 Thread 0x000002157d043800 4581   !   4       jdk.internal.loader.BuiltinClassLoader::loadClassOrNull (143 bytes)
Event: 3.643 Thread 0x000002157d044800 4582       3       java.lang.invoke.MethodHandles$Lookup::checkAccess (226 bytes)
Event: 3.644 Thread 0x000002157d044800 nmethod 4582 0x0000021561c1d490 code [0x0000021561c1d820, 0x0000021561c1ee18]
Event: 3.644 Thread 0x000002157d044800 4583       3       java.lang.invoke.MethodTypeForm::canonicalizeAll (66 bytes)
Event: 3.645 Thread 0x000002157d044800 nmethod 4583 0x0000021561c1f490 code [0x0000021561c1f6a0, 0x0000021561c1fd18]
Event: 3.645 Thread 0x000002157d044800 4586       3       java.lang.invoke.MemberName::isMethod (7 bytes)
Event: 3.645 Thread 0x000002157d044800 nmethod 4586 0x0000021561c1ff10 code [0x0000021561c200c0, 0x0000021561c202f8]

GC Heap History (12 events):
Event: 0.418 GC heap before
{Heap before GC invocations=0 (full 0):
 garbage-first heap   total 262144K, used 24576K [0x0000000700c00000, 0x0000000800000000)
  region size 1024K, 24 young (24576K), 0 survivors (0K)
 Metaspace       used 9862K, capacity 9980K, committed 10240K, reserved 1058816K
  class space    used 896K, capacity 960K, committed 1024K, reserved 1048576K
}
Event: 0.423 GC heap after
{Heap after GC invocations=1 (full 0):
 garbage-first heap   total 262144K, used 7079K [0x0000000700c00000, 0x0000000800000000)
  region size 1024K, 3 young (3072K), 3 survivors (3072K)
 Metaspace       used 9862K, capacity 9980K, committed 10240K, reserved 1058816K
  class space    used 896K, capacity 960K, committed 1024K, reserved 1048576K
}
Event: 0.649 GC heap before
{Heap before GC invocations=1 (full 0):
 garbage-first heap   total 262144K, used 28583K [0x0000000700c00000, 0x0000000800000000)
  region size 1024K, 24 young (24576K), 3 survivors (3072K)
 Metaspace       used 12390K, capacity 12513K, committed 12800K, reserved 1060864K
  class space    used 1172K, capacity 1227K, committed 1280K, reserved 1048576K
}
Event: 0.653 GC heap after
{Heap after GC invocations=2 (full 0):
 garbage-first heap   total 262144K, used 10297K [0x0000000700c00000, 0x0000000800000000)
  region size 1024K, 3 young (3072K), 3 survivors (3072K)
 Metaspace       used 12390K, capacity 12513K, committed 12800K, reserved 1060864K
  class space    used 1172K, capacity 1227K, committed 1280K, reserved 1048576K
}
Event: 1.238 GC heap before
{Heap before GC invocations=2 (full 0):
 garbage-first heap   total 262144K, used 64569K [0x0000000700c00000, 0x0000000800000000)
  region size 1024K, 51 young (52224K), 3 survivors (3072K)
 Metaspace       used 19298K, capacity 19515K, committed 19712K, reserved 1067008K
  class space    used 2138K, capacity 2208K, committed 2304K, reserved 1048576K
}
Event: 1.243 GC heap after
{Heap after GC invocations=3 (full 0):
 garbage-first heap   total 262144K, used 16697K [0x0000000700c00000, 0x0000000800000000)
  region size 1024K, 7 young (7168K), 7 survivors (7168K)
 Metaspace       used 19298K, capacity 19515K, committed 19712K, reserved 1067008K
  class space    used 2138K, capacity 2208K, committed 2304K, reserved 1048576K
}
Event: 1.388 GC heap before
{Heap before GC invocations=3 (full 0):
 garbage-first heap   total 262144K, used 23865K [0x0000000700c00000, 0x0000000800000000)
  region size 1024K, 15 young (15360K), 7 survivors (7168K)
 Metaspace       used 20896K, capacity 21095K, committed 21248K, reserved 1069056K
  class space    used 2359K, capacity 2434K, committed 2560K, reserved 1048576K
}
Event: 1.396 GC heap after
{Heap after GC invocations=4 (full 0):
 garbage-first heap   total 262144K, used 18022K [0x0000000700c00000, 0x0000000800000000)
  region size 1024K, 6 young (6144K), 6 survivors (6144K)
 Metaspace       used 20896K, capacity 21095K, committed 21248K, reserved 1069056K
  class space    used 2359K, capacity 2434K, committed 2560K, reserved 1048576K
}
Event: 2.330 GC heap before
{Heap before GC invocations=5 (full 0):
 garbage-first heap   total 262144K, used 75366K [0x0000000700c00000, 0x0000000800000000)
  region size 1024K, 62 young (63488K), 6 survivors (6144K)
 Metaspace       used 25651K, capacity 25926K, committed 26112K, reserved 1073152K
  class space    used 2871K, capacity 2987K, committed 3072K, reserved 1048576K
}
Event: 2.339 GC heap after
{Heap after GC invocations=6 (full 0):
 garbage-first heap   total 315392K, used 21971K [0x0000000700c00000, 0x0000000800000000)
  region size 1024K, 5 young (5120K), 5 survivors (5120K)
 Metaspace       used 25651K, capacity 25926K, committed 26112K, reserved 1073152K
  class space    used 2871K, capacity 2987K, committed 3072K, reserved 1048576K
}
Event: 3.266 GC heap before
{Heap before GC invocations=6 (full 0):
 garbage-first heap   total 315392K, used 205267K [0x0000000700c00000, 0x0000000800000000)
  region size 1024K, 184 young (188416K), 5 survivors (5120K)
 Metaspace       used 26023K, capacity 26367K, committed 26624K, reserved 1073152K
  class space    used 2880K, capacity 2998K, committed 3072K, reserved 1048576K
}
Event: 3.271 GC heap after
{Heap after GC invocations=7 (full 0):
 garbage-first heap   total 315392K, used 23242K [0x0000000700c00000, 0x0000000800000000)
  region size 1024K, 6 young (6144K), 6 survivors (6144K)
 Metaspace       used 26023K, capacity 26367K, committed 26624K, reserved 1073152K
  class space    used 2880K, capacity 2998K, committed 3072K, reserved 1048576K
}

Deoptimization events (20 events):
Event: 3.450 Thread 0x0000021558548000 Uncommon trap: trap_request=0xffffffde fr.pc=0x00000215689c0bc4 relative=0x0000000000000484
Event: 3.450 Thread 0x0000021558548000 Uncommon trap: reason=class_check action=maybe_recompile pc=0x00000215689c0bc4 method=org.uqbar.project.wollok.game.gameboard.Gameboard.findComponentFor(Lorg/uqbar/project/wollok/interpreter/core/WollokObject;)Lorg/uqbar/project/wollok/game/VisualComponen
Event: 3.450 Thread 0x0000021558548000 DEOPT PACKING pc=0x00000215689c0bc4 sp=0x0000006fcbffc1a0
Event: 3.450 Thread 0x0000021558548000 DEOPT UNPACKING pc=0x0000021560cea1af sp=0x0000006fcbffc128 mode 2
Event: 3.512 Thread 0x0000021558548000 Uncommon trap: trap_request=0xffffff4d fr.pc=0x0000021568886034 relative=0x00000000000020d4
Event: 3.512 Thread 0x0000021558548000 Uncommon trap: reason=unstable_if action=reinterpret pc=0x0000021568886034 method=jdk.internal.loader.URLClassPath.getResource(Ljava/lang/String;Z)Ljdk/internal/loader/Resource; @ 47 c2
Event: 3.512 Thread 0x0000021558548000 DEOPT PACKING pc=0x0000021568886034 sp=0x0000006fcbffae50
Event: 3.512 Thread 0x0000021558548000 DEOPT UNPACKING pc=0x0000021560cea1af sp=0x0000006fcbffaeb0 mode 2
Event: 3.522 Thread 0x0000021558548000 Uncommon trap: trap_request=0xffffffc6 fr.pc=0x0000021568927c2c relative=0x000000000000008c
Event: 3.522 Thread 0x0000021558548000 Uncommon trap: reason=bimorphic_or_optimized_type_check action=maybe_recompile pc=0x0000021568927c2c method=java.util.AbstractList$Itr.hasNext()Z @ 8 c2
Event: 3.522 Thread 0x0000021558548000 DEOPT PACKING pc=0x0000021568927c2c sp=0x0000006fcbffb830
Event: 3.522 Thread 0x0000021558548000 DEOPT UNPACKING pc=0x0000021560cea1af sp=0x0000006fcbffb7c8 mode 2
Event: 3.522 Thread 0x0000021558548000 Uncommon trap: trap_request=0xffffffc6 fr.pc=0x00000215689295ac relative=0x00000000000000ec
Event: 3.522 Thread 0x0000021558548000 Uncommon trap: reason=bimorphic_or_optimized_type_check action=maybe_recompile pc=0x00000215689295ac method=java.util.AbstractList$Itr.next()Ljava/lang/Object; @ 14 c2
Event: 3.522 Thread 0x0000021558548000 DEOPT PACKING pc=0x00000215689295ac sp=0x0000006fcbffb830
Event: 3.522 Thread 0x0000021558548000 DEOPT UNPACKING pc=0x0000021560cea1af sp=0x0000006fcbffb7b8 mode 2
Event: 3.620 Thread 0x0000021558548000 Uncommon trap: trap_request=0xffffff4d fr.pc=0x000002156880a2a8 relative=0x0000000000001688
Event: 3.620 Thread 0x0000021558548000 Uncommon trap: reason=unstable_if action=reinterpret pc=0x000002156880a2a8 method=java.io.WinNTFileSystem.normalize(Ljava/lang/String;)Ljava/lang/String; @ 128 c2
Event: 3.620 Thread 0x0000021558548000 DEOPT PACKING pc=0x000002156880a2a8 sp=0x0000006fcbff9990
Event: 3.620 Thread 0x0000021558548000 DEOPT UNPACKING pc=0x0000021560cea1af sp=0x0000006fcbff9978 mode 2

Classes redefined (0 events):
No events

Internal exceptions (20 events):
Event: 1.838 Thread 0x0000021558548000 Exception <a 'java/io/FileNotFoundException'{0x000000070f333288}> (0x000000070f333288) thrown at [./src/hotspot/share/prims/jni.cpp, line 617]
Event: 1.847 Thread 0x0000021558548000 Exception <a 'java/io/FileNotFoundException'{0x000000070f3f38a0}> (0x000000070f3f38a0) thrown at [./src/hotspot/share/prims/jni.cpp, line 617]
Event: 1.850 Thread 0x0000021558548000 Exception <a 'java/io/FileNotFoundException'{0x000000070f218520}> (0x000000070f218520) thrown at [./src/hotspot/share/prims/jni.cpp, line 617]
Event: 1.856 Thread 0x0000021558548000 Exception <a 'java/io/FileNotFoundException'{0x000000070f271a10}> (0x000000070f271a10) thrown at [./src/hotspot/share/prims/jni.cpp, line 617]
Event: 1.857 Thread 0x0000021558548000 Exception <a 'java/io/FileNotFoundException'{0x000000070f27ba18}> (0x000000070f27ba18) thrown at [./src/hotspot/share/prims/jni.cpp, line 617]
Event: 1.860 Thread 0x0000021558548000 Exception <a 'java/io/FileNotFoundException'{0x000000070f2980c0}> (0x000000070f2980c0) thrown at [./src/hotspot/share/prims/jni.cpp, line 617]
Event: 2.048 Thread 0x0000021558548000 Exception <a 'java/io/FileNotFoundException'{0x000000070e8c7018}> (0x000000070e8c7018) thrown at [./src/hotspot/share/prims/jni.cpp, line 617]
Event: 2.055 Thread 0x0000021558548000 Exception <a 'java/io/FileNotFoundException'{0x000000070e753480}> (0x000000070e753480) thrown at [./src/hotspot/share/prims/jni.cpp, line 617]
Event: 2.065 Thread 0x0000021558548000 Exception <a 'java/io/FileNotFoundException'{0x000000070e7fc568}> (0x000000070e7fc568) thrown at [./src/hotspot/share/prims/jni.cpp, line 617]
Event: 2.105 Thread 0x0000021558548000 Exception <a 'java/lang/reflect/InvocationTargetException'{0x000000070e41c140}> (0x000000070e41c140) thrown at [./src/hotspot/share/runtime/reflection.cpp, line 1247]
Event: 2.106 Thread 0x0000021558548000 Exception <a 'java/lang/reflect/InvocationTargetException'{0x000000070e438d08}> (0x000000070e438d08) thrown at [./src/hotspot/share/runtime/reflection.cpp, line 1247]
Event: 2.107 Thread 0x0000021558548000 Exception <a 'java/lang/reflect/InvocationTargetException'{0x000000070e457f68}> (0x000000070e457f68) thrown at [./src/hotspot/share/runtime/reflection.cpp, line 1247]
Event: 3.524 Thread 0x0000021558548000 Exception <a 'java/lang/NoSuchMethodError'{0x0000000710f14e00}: 'java.lang.Object java.lang.invoke.DirectMethodHandle$Holder.invokeStaticInit(java.lang.Object, int, int, int, int)'> (0x0000000710f14e00) thrown at [./src/hotspot/share/interpreter/linkResolver.cpp, line 773]
Event: 3.623 Thread 0x0000021558548000 Exception <a 'java/lang/NoSuchMethodError'{0x0000000710f470a8}: 'java.lang.Object java.lang.invoke.DirectMethodHandle$Holder.invokeStaticInit(java.lang.Object, java.lang.Object, int, int, int, int)'> (0x0000000710f470a8) thrown at [./src/hotspot/share/interpreter/linkResolver.cpp, line 773]
Event: 3.642 Thread 0x0000021558548000 Exception <a 'java/security/PrivilegedActionException'{0x0000000710ffec70}> (0x0000000710ffec70) thrown at [./src/hotspot/share/prims/jvm.cpp, line 1306]
Event: 3.643 Thread 0x0000021558548000 Exception <a 'java/security/PrivilegedActionException'{0x0000000710e00910}> (0x0000000710e00910) thrown at [./src/hotspot/share/prims/jvm.cpp, line 1306]
Event: 3.643 Thread 0x0000021558548000 Exception <a 'java/security/PrivilegedActionException'{0x0000000710e01f78}> (0x0000000710e01f78) thrown at [./src/hotspot/share/prims/jvm.cpp, line 1306]
Event: 3.644 Thread 0x0000021558548000 Exception <a 'java/security/PrivilegedActionException'{0x0000000710e0ea90}> (0x0000000710e0ea90) thrown at [./src/hotspot/share/prims/jvm.cpp, line 1306]
Event: 3.644 Thread 0x0000021558548000 Exception <a 'java/security/PrivilegedActionException'{0x0000000710e100f0}> (0x0000000710e100f0) thrown at [./src/hotspot/share/prims/jvm.cpp, line 1306]
Event: 3.644 Thread 0x0000021558548000 Exception <a 'java/security/PrivilegedActionException'{0x0000000710e11710}> (0x0000000710e11710) thrown at [./src/hotspot/share/prims/jvm.cpp, line 1306]

Events (20 events):
Event: 3.650 loading class java/nio/charset/CharacterCodingException
Event: 3.650 loading class java/nio/charset/CharacterCodingException done
Event: 3.650 loading class org/lwjgl/MemoryUtil$Accessor
Event: 3.650 loading class org/lwjgl/MemoryUtil$Accessor done
Event: 3.650 loading class org/lwjgl/MemoryUtilSun$AccessorUnsafe
Event: 3.650 loading class org/lwjgl/MemoryUtilSun$AccessorUnsafe done
Event: 3.650 loading class sun/misc/Unsafe
Event: 3.651 loading class sun/misc/Unsafe done
Event: 3.651 loading class org/lwjgl/MemoryUtilSun
Event: 3.651 loading class org/lwjgl/MemoryUtilSun done
Event: 3.651 loading class org/lwjgl/MemoryUtilSun$AccessorReflectFast
Event: 3.651 loading class org/lwjgl/MemoryUtilSun$AccessorReflectFast done
Event: 3.664 loading class org/lwjgl/openal/ALCdevice
Event: 3.664 loading class org/lwjgl/openal/ALCdevice done
Event: 3.665 loading class org/lwjgl/openal/ALCcontext
Event: 3.665 loading class org/lwjgl/openal/ALCcontext done
Event: 3.665 loading class org/lwjgl/openal/Util
Event: 3.665 loading class org/lwjgl/openal/Util done
Event: 3.665 loading class org/lwjgl/openal/OpenALException
Event: 3.665 loading class org/lwjgl/openal/OpenALException done


Dynamic libraries:
0x00007ff782ac0000 - 0x00007ff782acd000 	F:\lolo\fac\objetos_c2_22\wollok\jre\bin\javaw.exe
0x00007ff925c90000 - 0x00007ff925e88000 	C:\Windows\SYSTEM32\ntdll.dll
0x00007ff924150000 - 0x00007ff92420f000 	C:\Windows\System32\KERNEL32.DLL
0x00007ff923470000 - 0x00007ff923742000 	C:\Windows\System32\KERNELBASE.dll
0x00007ff923830000 - 0x00007ff923930000 	C:\Windows\System32\ucrtbase.dll
0x00007ff9171d0000 - 0x00007ff9171e7000 	F:\lolo\fac\objetos_c2_22\wollok\jre\bin\jli.dll
0x00007ff917100000 - 0x00007ff917115000 	F:\lolo\fac\objetos_c2_22\wollok\jre\bin\VCRUNTIME140.dll
0x00007ff924e10000 - 0x00007ff924fad000 	C:\Windows\System32\USER32.dll
0x00007ff923930000 - 0x00007ff923952000 	C:\Windows\System32\win32u.dll
0x00007ff925900000 - 0x00007ff92592b000 	C:\Windows\System32\GDI32.dll
0x00007ff914de0000 - 0x00007ff91507a000 	C:\Windows\WinSxS\amd64_microsoft.windows.common-controls_6595b64144ccf1df_6.0.19041.1110_none_60b5254171f9507e\COMCTL32.dll
0x00007ff923a00000 - 0x00007ff923b0f000 	C:\Windows\System32\gdi32full.dll
0x00007ff9254b0000 - 0x00007ff92554e000 	C:\Windows\System32\msvcrt.dll
0x00007ff923960000 - 0x00007ff9239fd000 	C:\Windows\System32\msvcp_win.dll
0x00007ff925bb0000 - 0x00007ff925be2000 	C:\Windows\System32\IMM32.DLL
0x00007ff90f2a0000 - 0x00007ff90f33b000 	F:\lolo\fac\objetos_c2_22\wollok\jre\bin\msvcp140.dll
0x00007ff8842c0000 - 0x00007ff884e42000 	F:\lolo\fac\objetos_c2_22\wollok\jre\bin\server\jvm.dll
0x00007ff925400000 - 0x00007ff9254ae000 	C:\Windows\System32\ADVAPI32.dll
0x00007ff9242c0000 - 0x00007ff92435c000 	C:\Windows\System32\sechost.dll
0x00007ff925930000 - 0x00007ff925a55000 	C:\Windows\System32\RPCRT4.dll
0x00007ff9256d0000 - 0x00007ff9256d8000 	C:\Windows\System32\PSAPI.DLL
0x00007ff917c00000 - 0x00007ff917c09000 	C:\Windows\SYSTEM32\WSOCK32.dll
0x00007ff919440000 - 0x00007ff91944a000 	C:\Windows\SYSTEM32\VERSION.dll
0x00007ff918190000 - 0x00007ff9181b7000 	C:\Windows\SYSTEM32\WINMM.dll
0x00007ff925a60000 - 0x00007ff925acb000 	C:\Windows\System32\WS2_32.dll
0x00007ff921bf0000 - 0x00007ff921c02000 	C:\Windows\SYSTEM32\kernel.appcore.dll
0x00007ff8fa170000 - 0x00007ff8fa180000 	F:\lolo\fac\objetos_c2_22\wollok\jre\bin\verify.dll
0x00007ff920f90000 - 0x00007ff921174000 	C:\Windows\SYSTEM32\DBGHELP.DLL
0x00007ff90d4c0000 - 0x00007ff90d4ec000 	C:\Windows\SYSTEM32\dbgcore.DLL
0x00007ff923750000 - 0x00007ff9237d2000 	C:\Windows\System32\bcryptPrimitives.dll
0x00007ff8cb7a0000 - 0x00007ff8cb7c8000 	F:\lolo\fac\objetos_c2_22\wollok\jre\bin\java.dll
0x00007ff8fa100000 - 0x00007ff8fa10a000 	F:\lolo\fac\objetos_c2_22\wollok\jre\bin\jimage.dll
0x00007ff8c9310000 - 0x00007ff8c9328000 	F:\lolo\fac\objetos_c2_22\wollok\jre\bin\zip.dll
0x00007ff924360000 - 0x00007ff924aa3000 	C:\Windows\System32\SHELL32.dll
0x00007ff921410000 - 0x00007ff921ba2000 	C:\Windows\SYSTEM32\windows.storage.dll
0x00007ff924ab0000 - 0x00007ff924e04000 	C:\Windows\System32\combase.dll
0x00007ff922ca0000 - 0x00007ff922cd0000 	C:\Windows\SYSTEM32\Wldp.dll
0x00007ff925550000 - 0x00007ff9255fd000 	C:\Windows\System32\SHCORE.dll
0x00007ff9250f0000 - 0x00007ff925145000 	C:\Windows\System32\shlwapi.dll
0x00007ff9232d0000 - 0x00007ff9232ef000 	C:\Windows\SYSTEM32\profapi.dll
0x00007ff8c9260000 - 0x00007ff8c9279000 	F:\lolo\fac\objetos_c2_22\wollok\jre\bin\net.dll
0x00007ff91b250000 - 0x00007ff91b35c000 	C:\Windows\SYSTEM32\WINHTTP.dll
0x00007ff922a10000 - 0x00007ff922a7a000 	C:\Windows\system32\mswsock.dll
0x00007ff8c9240000 - 0x00007ff8c9253000 	F:\lolo\fac\objetos_c2_22\wollok\jre\bin\nio.dll
0x0000000065580000 - 0x0000000065616000 	C:\Users\lolo\AppData\Local\Temp\libgdxlolo\12dfaa03\gdx64.dll
0x00007ff922ce0000 - 0x00007ff922cf8000 	C:\Windows\SYSTEM32\CRYPTSP.dll
0x00007ff922350000 - 0x00007ff922384000 	C:\Windows\system32\rsaenh.dll
0x00007ff923390000 - 0x00007ff9233b7000 	C:\Windows\System32\bcrypt.dll
0x00007ff923290000 - 0x00007ff9232be000 	C:\Windows\SYSTEM32\USERENV.dll
0x00007ff922ba0000 - 0x00007ff922bac000 	C:\Windows\SYSTEM32\CRYPTBASE.dll
0x00007ff922720000 - 0x00007ff92275b000 	C:\Windows\SYSTEM32\IPHLPAPI.DLL
0x00007ff925300000 - 0x00007ff925308000 	C:\Windows\System32\NSI.dll
0x00007ff91d3c0000 - 0x00007ff91d3d7000 	C:\Windows\SYSTEM32\dhcpcsvc6.DLL
0x00007ff91d390000 - 0x00007ff91d3ad000 	C:\Windows\SYSTEM32\dhcpcsvc.DLL
0x00007ff922760000 - 0x00007ff92282a000 	C:\Windows\SYSTEM32\DNSAPI.dll
0x0000000180000000 - 0x0000000180053000 	C:\Users\lolo\AppData\Local\Temp\libgdxlolo\dc0f0009\lwjgl64.dll
0x00007ff8cb9a0000 - 0x00007ff8cbac5000 	C:\Windows\SYSTEM32\OPENGL32.dll
0x00007ff8fcf40000 - 0x00007ff8fcf6c000 	C:\Windows\SYSTEM32\GLU32.dll
0x0000021503a60000 - 0x0000021503ac4000 	C:\Users\lolo\AppData\Local\Temp\libgdxlolo\dc0f0009\OpenAL64.dll
0x00007ff925740000 - 0x00007ff92586a000 	C:\Windows\System32\ole32.dll
0x00007ff91fee0000 - 0x00007ff91ff7e000 	C:\Windows\system32\uxtheme.dll
0x00007ff924210000 - 0x00007ff9242bf000 	C:\Windows\System32\clbcatq.dll
0x00007ff91c330000 - 0x00007ff91c3cc000 	C:\Windows\SYSTEM32\dsound.dll
0x00007ff922d40000 - 0x00007ff922d8b000 	C:\Windows\SYSTEM32\powrprof.dll
0x00007ff90cfe0000 - 0x00007ff90d006000 	C:\Windows\SYSTEM32\winmmbase.dll
0x00007ff922d20000 - 0x00007ff922d32000 	C:\Windows\SYSTEM32\UMPDC.dll
0x00007ff91d140000 - 0x00007ff91d1c5000 	C:\Windows\System32\MMDevApi.dll
0x00007ff923140000 - 0x00007ff92316c000 	C:\Windows\System32\DEVOBJ.dll
0x00007ff9237e0000 - 0x00007ff92382e000 	C:\Windows\System32\cfgmgr32.dll
0x00007ff91d200000 - 0x00007ff91d382000 	C:\Windows\SYSTEM32\AUDIOSES.DLL
0x00007ff925600000 - 0x00007ff9256cd000 	C:\Windows\System32\OLEAUT32.dll

dbghelp: loaded successfully - version: 4.0.5 - missing functions: none
symbol engine: initialized successfully - sym options: 0x614 - pdb path: .;F:\lolo\fac\objetos_c2_22\wollok\jre\bin;C:\Windows\SYSTEM32;C:\Windows\WinSxS\amd64_microsoft.windows.common-controls_6595b64144ccf1df_6.0.19041.1110_none_60b5254171f9507e;F:\lolo\fac\objetos_c2_22\wollok\jre\bin\server;C:\Users\lolo\AppData\Local\Temp\libgdxlolo\12dfaa03;C:\Users\lolo\AppData\Local\Temp\libgdxlolo\dc0f0009

VM Arguments:
jvm_args: -Duser.language=en_US -Dfile.encoding=UTF-8 
java_command: org.uqbar.project.wollok.launch.WollokLauncher -requestsPort 0 -eventsPort 0 -folder -dontValidate -wf src/juego.wpgm
java_class_path (initial): C:\Users\lolo\git\2022s2-tp-juego-losdelfondo\bin;F:\lolo\fac\objetos_c2_22\wollok\plugins\com.ibm.icu_64.2.0.v20190507-1337.jar;F:\lolo\fac\objetos_c2_22\wollok\plugins\org.eclipse.xtext_2.20.0.v20191202-0915.jar;F:\lolo\fac\objetos_c2_22\wollok\plugins\org.eclipse.emf.ecore.xmi_2.16.0.v20190528-0725.jar;F:\lolo\fac\objetos_c2_22\wollok\plugins\org.eclipse.emf.ecore_2.20.0.v20190920-0401.jar;F:\lolo\fac\objetos_c2_22\wollok\plugins\org.eclipse.emf.common_2.17.0.v20190920-0401.jar;F:\lolo\fac\objetos_c2_22\wollok\plugins\org.antlr.runtime_3.2.0.v201101311130.jar;F:\lolo\fac\objetos_c2_22\wollok\plugins\com.google.inject_3.0.0.v201605172100.jar;F:\lolo\fac\objetos_c2_22\wollok\plugins\org.eclipse.emf.mwe.core_1.5.1.v20191121-1148.jar;F:\lolo\fac\objetos_c2_22\wollok\plugins\org.apache.commons.cli_1.2.0.v201404270220.jar;F:\lolo\fac\objetos_c2_22\wollok\plugins\org.eclipse.emf.mwe2.runtime_2.11.1.v20191121-1148.jar;F:\lolo\fac\objetos_c2_22\wollok\plugins\org.eclipse.emf.mwe.utils_1.5.1.v20191121-1148.jar;F:\lolo\fac\objetos_c2_22\wollok\plugins\org.eclipse.xtext.util_2.20.0.v20191202-0915.jar;F:\lolo\fac\objetos_c2_22\wollok\plugins\com.google.guava_27.1.0.v20190517-1946.jar;F:\lolo\fac\objetos_c2_22\wollok\plugins\javax.inject_1.0.0.v20091030.jar;F:\lolo\fac\objetos_c2_22\wollok\plugins\org.eclipse.xtext.generator_2.20.0.v20191202-0933.jar;F:\lolo\fac\objetos_c2_22\wollok\plugins\org.eclipse.xtext.xtext.generator_2.20.0.v20191202-0915.jar;F:\lolo\fac\objetos_c2_22\wollok\plugins\org.eclipse.xtext.xbase.lib_2.20.0.v20191202-0907.jar;F:\lolo\fac\objetos_c2_22\wollok\plugins\org.eclipse.emf.codegen.ecore_2.20.0.v20191012-0918.jar;F:\lolo\fac\objetos_c2_22\wollok\plugins\org.eclipse.emf.codegen_2.19.0.v20190821-1536.jar;F:\lolo\fac\objetos_c2_22\wollok\plugins\org.eclipse.xtend_2.2.0.v201605260315.jar;F:\lolo\fac\objetos_c2_22\wollok\plugins\org.eclipse.xpand_2.2.0.v201605260315.jar;F:\lolo\fac\objetos_c2_22\wollok\plugins\org.eclipse.xtend.
Launcher Type: SUN_STANDARD

[Global flags]
     intx CICompilerCount                          = 4                                         {product} {ergonomic}
     uint ConcGCThreads                            = 3                                         {product} {ergonomic}
     uint G1ConcRefinementThreads                  = 10                                        {product} {ergonomic}
   size_t G1HeapRegionSize                         = 1048576                                   {product} {ergonomic}
    uintx GCDrainStackTargetSize                   = 64                                        {product} {ergonomic}
   size_t InitialHeapSize                          = 268435456                                 {product} {ergonomic}
   size_t MarkStackSize                            = 4194304                                   {product} {ergonomic}
   size_t MaxHeapSize                              = 4282384384                                {product} {ergonomic}
   size_t MaxNewSize                               = 2569011200                                {product} {ergonomic}
   size_t MinHeapDeltaBytes                        = 1048576                                   {product} {ergonomic}
    uintx NonNMethodCodeHeapSize                   = 5836300                                {pd product} {ergonomic}
    uintx NonProfiledCodeHeapSize                  = 122910970                              {pd product} {ergonomic}
    uintx ProfiledCodeHeapSize                     = 122910970                              {pd product} {ergonomic}
    uintx ReservedCodeCacheSize                    = 251658240                              {pd product} {ergonomic}
     bool SegmentedCodeCache                       = true                                      {product} {ergonomic}
     bool UseCompressedClassPointers               = true                                 {lp64_product} {ergonomic}
     bool UseCompressedOops                        = true                                 {lp64_product} {ergonomic}
     bool UseG1GC                                  = true                                      {product} {ergonomic}
     bool UseLargePagesIndividualAllocation        = false                                  {pd product} {ergonomic}

Logging:
Log output configuration:
 #0: stdout all=warning uptime,level,tags
 #1: stderr all=off uptime,level,tags

Environment Variables:
PATH=F:/lolo/fac/objetos_c2_22/wollok/jre/bin/client;F:/lolo/fac/objetos_c2_22/wollok/jre/bin;C:\Program Files (x86)\Common Files\Oracle\Java\javapath;C:\ProgramData\Oracle\Java\javapath;C:\Windows\system32;C:\Windows;C:\Windows\System32\Wbem;C:\Windows\System32\WindowsPowerShell\v1.0\;C:\Windows\System32\OpenSSH\;C:\Users\lolo\AppData\Local\Programs\Python\Python310;C:\Users\lolo\AppData\Local\Programs\Python\Python310\Scripts;C:\Program Files\NVIDIA Corporation\NVIDIA NvDLISR;C:\Program Files (x86)\NVIDIA Corporation\PhysX\Common;C:\Program Files\Git\cmd;C:\Users\lolo\AppData\Local\Microsoft\WindowsApps;C:\Users\lolo\AppData\Local\Programs\Microsoft VS Code\bin;C:\Users\lolo\AppData\Local\GitHubDesktop\bin;F:\lolo\fac\objetos_c2_22\wollok;
USERNAME=lolo
OS=Windows_NT
PROCESSOR_IDENTIFIER=AMD64 Family 23 Model 8 Stepping 2, AuthenticAMD
TMP=C:\Users\lolo\AppData\Local\Temp
TEMP=C:\Users\lolo\AppData\Local\Temp



---------------  S Y S T E M  ---------------

OS: Windows 10 , 64 bit Build 19041 (10.0.19041.2251)
OS uptime: 0 days 16:39 hours
Hyper-V role detected

CPU:total 12 (initial active 12) (12 cores per cpu, 2 threads per core) family 23 model 8 stepping 2 microcode 0x0, cmov, cx8, fxsr, mmx, sse, sse2, sse3, ssse3, sse4.1, sse4.2, popcnt, avx, avx2, aes, clmul, mmxext, 3dnowpref, lzcnt, sse4a, ht, tsc, tscinvbit, tscinv, bmi1, bmi2, adx, sha, fma

Memory: 4k page, system-wide physical 16328M (8095M free)
TotalPageFile size 18760M (AvailPageFile size 6871M)
current process WorkingSet (physical memory assigned to process): 373M, peak: 377M
current process commit charge ("private bytes"): 518M, peak: 526M

vm_info: OpenJDK 64-Bit Server VM (11.0.16.1+1) for windows-amd64 JRE (11.0.16.1+1), built on Aug 16 2022 02:58:04 by "" with MS VC++ 15.9 (VS2017)

END.
